                      :-) GROMACS - gmx mdrun, 2020.2 (-:

                            GROMACS is written by:
     Emile Apol      Rossen Apostolov      Paul Bauer     Herman J.C. Berendsen
    Par Bjelkmar      Christian Blau   Viacheslav Bolnykh     Kevin Boyd    
 Aldert van Buuren   Rudi van Drunen     Anton Feenstra       Alan Gray     
  Gerrit Groenhof     Anca Hamuraru    Vincent Hindriksen  M. Eric Irrgang  
  Aleksei Iupinov   Christoph Junghans     Joe Jordan     Dimitrios Karkoulis
    Peter Kasson        Jiri Kraus      Carsten Kutzner      Per Larsson    
  Justin A. Lemkul    Viveca Lindahl    Magnus Lundborg     Erik Marklund   
    Pascal Merz     Pieter Meulenhoff    Teemu Murtola       Szilard Pall   
    Sander Pronk      Roland Schulz      Michael Shirts    Alexey Shvetsov  
   Alfons Sijbers     Peter Tieleman      Jon Vincent      Teemu Virolainen 
 Christian Wennberg    Maarten Wolf      Artem Zhmurov   
                           and the project leaders:
        Mark Abraham, Berk Hess, Erik Lindahl, and David van der Spoel

Copyright (c) 1991-2000, University of Groningen, The Netherlands.
Copyright (c) 2001-2019, The GROMACS development team at
Uppsala University, Stockholm University and
the Royal Institute of Technology, Sweden.
check out http://www.gromacs.org for more information.

GROMACS is free software; you can redistribute it and/or modify it
under the terms of the GNU Lesser General Public License
as published by the Free Software Foundation; either version 2.1
of the License, or (at your option) any later version.

GROMACS:      gmx mdrun, version 2020.2
Executable:   /home/exacloud/software/spack/opt/spack/linux-centos7-ivybridge/gcc-8.3.1/gromacs-2020.2-zcqbsvzumog2fdj6rzvu3xiytu2slj5k/bin/gmx_mpi
Data prefix:  /home/exacloud/software/spack/opt/spack/linux-centos7-ivybridge/gcc-8.3.1/gromacs-2020.2-zcqbsvzumog2fdj6rzvu3xiytu2slj5k
Working dir:  /home/groups/ZuckermanLab/santossh/lc8-allostery-study/gromacs/7D35/charmm-apo/gromacs
Process ID:   33089
Command line:
  gmx_mpi mdrun -deffnm 7D35a_100ns_eq -v -ntomp 1 -cpt 60 -maxh 24

GROMACS version:    2020.2
Verified release checksum is 3f718d436b1ac2d44ce97164df8a13322fc143498ba44eccfd567e20d8aaea1d
Precision:          single
Memory model:       64 bit
MPI library:        MPI
OpenMP support:     enabled (GMX_OPENMP_MAX_THREADS = 64)
GPU support:        CUDA
SIMD instructions:  AVX_256
FFT library:        fftw-3.3.8-sse2-avx
RDTSCP usage:       enabled
TNG support:        enabled
Hwloc support:      hwloc-1.11.11
Tracing support:    disabled
C compiler:         /home/exacloud/software/spack/lib/spack/env/gcc/gcc GNU 8.3.1
C compiler flags:   -mavx -pthread -fexcess-precision=fast -funroll-all-loops -O2 -g -DNDEBUG
C++ compiler:       /home/exacloud/software/spack/lib/spack/env/gcc/g++ GNU 8.3.1
C++ compiler flags: -mavx -pthread -fexcess-precision=fast -funroll-all-loops -fopenmp -O2 -g -DNDEBUG
CUDA compiler:      /home/exacloud/software/spack/opt/spack/linux-centos7-ivybridge/gcc-8.3.1/cuda-10.2.89-qfqije2hlra3wiwyreglyzq24tf36w4w/bin/nvcc nvcc: NVIDIA (R) Cuda compiler driver;Copyright (c) 2005-2019 NVIDIA Corporation;Built on Wed_Oct_23_19:24:38_PDT_2019;Cuda compilation tools, release 10.2, V10.2.89
CUDA compiler flags:-std=c++14;-gencode;arch=compute_30,code=sm_30;-gencode;arch=compute_35,code=sm_35;-gencode;arch=compute_37,code=sm_37;-gencode;arch=compute_50,code=sm_50;-gencode;arch=compute_52,code=sm_52;-gencode;arch=compute_60,code=sm_60;-gencode;arch=compute_61,code=sm_61;-gencode;arch=compute_70,code=sm_70;-gencode;arch=compute_35,code=compute_35;-gencode;arch=compute_50,code=compute_50;-gencode;arch=compute_52,code=compute_52;-gencode;arch=compute_60,code=compute_60;-gencode;arch=compute_61,code=compute_61;-gencode;arch=compute_70,code=compute_70;-gencode;arch=compute_75,code=compute_75;-use_fast_math;;-mavx -pthread -fexcess-precision=fast -funroll-all-loops -fopenmp -O2 -g -DNDEBUG
CUDA driver:        11.0
CUDA runtime:       10.20


Running on 1 node with total 44 cores, 44 logical cores, 1 compatible GPU
Hardware detected on host exanode-7-17 (the node of MPI rank 0):
  CPU info:
    Vendor: Intel
    Brand:  Intel(R) Xeon(R) CPU E5-2699 v4 @ 2.20GHz
    Family: 6   Model: 79   Stepping: 1
    Features: aes apic avx avx2 clfsh cmov cx8 cx16 f16c fma hle htt intel lahf mmx msr nonstop_tsc pcid pclmuldq pdcm pdpe1gb popcnt pse rdrnd rdtscp rtm sse2 sse3 sse4.1 sse4.2 ssse3 tdt x2apic
  Hardware topology: Only logical processor count
  GPU info:
    Number of GPUs detected: 1
    #0: NVIDIA Tesla P100-PCIE-16GB, compute cap.: 6.0, ECC: yes, stat: compatible

Highest SIMD level requested by all nodes in run: AVX2_256
SIMD instructions selected at compile time:       AVX_256
This program was compiled for different hardware than you are running on,
which could influence performance.

++++ PLEASE READ AND CITE THE FOLLOWING REFERENCE ++++
M. J. Abraham, T. Murtola, R. Schulz, S. Páll, J. C. Smith, B. Hess, E.
Lindahl
GROMACS: High performance molecular simulations through multi-level
parallelism from laptops to supercomputers
SoftwareX 1 (2015) pp. 19-25
-------- -------- --- Thank You --- -------- --------


++++ PLEASE READ AND CITE THE FOLLOWING REFERENCE ++++
S. Páll, M. J. Abraham, C. Kutzner, B. Hess, E. Lindahl
Tackling Exascale Software Challenges in Molecular Dynamics Simulations with
GROMACS
In S. Markidis & E. Laure (Eds.), Solving Software Challenges for Exascale 8759 (2015) pp. 3-27
-------- -------- --- Thank You --- -------- --------


++++ PLEASE READ AND CITE THE FOLLOWING REFERENCE ++++
S. Pronk, S. Páll, R. Schulz, P. Larsson, P. Bjelkmar, R. Apostolov, M. R.
Shirts, J. C. Smith, P. M. Kasson, D. van der Spoel, B. Hess, and E. Lindahl
GROMACS 4.5: a high-throughput and highly parallel open source molecular
simulation toolkit
Bioinformatics 29 (2013) pp. 845-54
-------- -------- --- Thank You --- -------- --------


++++ PLEASE READ AND CITE THE FOLLOWING REFERENCE ++++
B. Hess and C. Kutzner and D. van der Spoel and E. Lindahl
GROMACS 4: Algorithms for highly efficient, load-balanced, and scalable
molecular simulation
J. Chem. Theory Comput. 4 (2008) pp. 435-447
-------- -------- --- Thank You --- -------- --------


++++ PLEASE READ AND CITE THE FOLLOWING REFERENCE ++++
D. van der Spoel, E. Lindahl, B. Hess, G. Groenhof, A. E. Mark and H. J. C.
Berendsen
GROMACS: Fast, Flexible and Free
J. Comp. Chem. 26 (2005) pp. 1701-1719
-------- -------- --- Thank You --- -------- --------


++++ PLEASE READ AND CITE THE FOLLOWING REFERENCE ++++
E. Lindahl and B. Hess and D. van der Spoel
GROMACS 3.0: A package for molecular simulation and trajectory analysis
J. Mol. Mod. 7 (2001) pp. 306-317
-------- -------- --- Thank You --- -------- --------


++++ PLEASE READ AND CITE THE FOLLOWING REFERENCE ++++
H. J. C. Berendsen, D. van der Spoel and R. van Drunen
GROMACS: A message-passing parallel molecular dynamics implementation
Comp. Phys. Comm. 91 (1995) pp. 43-56
-------- -------- --- Thank You --- -------- --------


++++ PLEASE CITE THE DOI FOR THIS VERSION OF GROMACS ++++
https://doi.org/10.5281/zenodo.3773801
-------- -------- --- Thank You --- -------- --------

Input Parameters:
   integrator                     = md
   tinit                          = 0
   dt                             = 0.0002
   nsteps                         = 5000000
   init-step                      = 0
   simulation-part                = 1
   comm-mode                      = Linear
   nstcomm                        = 100
   bd-fric                        = 0
   ld-seed                        = -1956000059
   emtol                          = 10
   emstep                         = 0.01
   niter                          = 20
   fcstep                         = 0
   nstcgsteep                     = 1000
   nbfgscorr                      = 10
   rtpi                           = 0.05
   nstxout                        = 0
   nstvout                        = 50000
   nstfout                        = 50000
   nstlog                         = 1000
   nstcalcenergy                  = 100
   nstenergy                      = 1000
   nstxout-compressed             = 50000
   compressed-x-precision         = 1000
   cutoff-scheme                  = Verlet
   nstlist                        = 20
   pbc                            = xyz
   periodic-molecules             = false
   verlet-buffer-tolerance        = 0.005
   rlist                          = 1.2
   coulombtype                    = PME
   coulomb-modifier               = Potential-shift
   rcoulomb-switch                = 0
   rcoulomb                       = 1.2
   epsilon-r                      = 1
   epsilon-rf                     = inf
   vdw-type                       = Cut-off
   vdw-modifier                   = Force-switch
   rvdw-switch                    = 1
   rvdw                           = 1.2
   DispCorr                       = No
   table-extension                = 1
   fourierspacing                 = 0.12
   fourier-nx                     = 60
   fourier-ny                     = 60
   fourier-nz                     = 60
   pme-order                      = 4
   ewald-rtol                     = 1e-05
   ewald-rtol-lj                  = 0.001
   lj-pme-comb-rule               = Geometric
   ewald-geometry                 = 0
   epsilon-surface                = 0
   tcoupl                         = Nose-Hoover
   nsttcouple                     = 20
   nh-chain-length                = 1
   print-nose-hoover-chain-variables = false
   pcoupl                         = No
   pcoupltype                     = Isotropic
   nstpcouple                     = -1
   tau-p                          = 1
   compressibility (3x3):
      compressibility[    0]={ 0.00000e+00,  0.00000e+00,  0.00000e+00}
      compressibility[    1]={ 0.00000e+00,  0.00000e+00,  0.00000e+00}
      compressibility[    2]={ 0.00000e+00,  0.00000e+00,  0.00000e+00}
   ref-p (3x3):
      ref-p[    0]={ 0.00000e+00,  0.00000e+00,  0.00000e+00}
      ref-p[    1]={ 0.00000e+00,  0.00000e+00,  0.00000e+00}
      ref-p[    2]={ 0.00000e+00,  0.00000e+00,  0.00000e+00}
   refcoord-scaling               = No
   posres-com (3):
      posres-com[0]= 0.00000e+00
      posres-com[1]= 0.00000e+00
      posres-com[2]= 0.00000e+00
   posres-comB (3):
      posres-comB[0]= 0.00000e+00
      posres-comB[1]= 0.00000e+00
      posres-comB[2]= 0.00000e+00
   QMMM                           = false
   QMconstraints                  = 0
   QMMMscheme                     = 0
   MMChargeScaleFactor            = 1
qm-opts:
   ngQM                           = 0
   constraint-algorithm           = Lincs
   continuation                   = false
   Shake-SOR                      = false
   shake-tol                      = 0.0001
   lincs-order                    = 4
   lincs-iter                     = 1
   lincs-warnangle                = 30
   nwall                          = 0
   wall-type                      = 9-3
   wall-r-linpot                  = -1
   wall-atomtype[0]               = -1
   wall-atomtype[1]               = -1
   wall-density[0]                = 0
   wall-density[1]                = 0
   wall-ewald-zfac                = 3
   pull                           = false
   awh                            = false
   rotation                       = false
   interactiveMD                  = false
   disre                          = No
   disre-weighting                = Conservative
   disre-mixed                    = false
   dr-fc                          = 1000
   dr-tau                         = 0
   nstdisreout                    = 100
   orire-fc                       = 0
   orire-tau                      = 0
   nstorireout                    = 100
   free-energy                    = no
   cos-acceleration               = 0
   deform (3x3):
      deform[    0]={ 0.00000e+00,  0.00000e+00,  0.00000e+00}
      deform[    1]={ 0.00000e+00,  0.00000e+00,  0.00000e+00}
      deform[    2]={ 0.00000e+00,  0.00000e+00,  0.00000e+00}
   simulated-tempering            = false
   swapcoords                     = no
   userint1                       = 0
   userint2                       = 0
   userint3                       = 0
   userint4                       = 0
   userreal1                      = 0
   userreal2                      = 0
   userreal3                      = 0
   userreal4                      = 0
   applied-forces:
     electric-field:
       x:
         E0                       = 0
         omega                    = 0
         t0                       = 0
         sigma                    = 0
       y:
         E0                       = 0
         omega                    = 0
         t0                       = 0
         sigma                    = 0
       z:
         E0                       = 0
         omega                    = 0
         t0                       = 0
         sigma                    = 0
     density-guided-simulation:
       active                     = false
       group                      = protein
       similarity-measure         = inner-product
       atom-spreading-weight      = unity
       force-constant             = 1e+09
       gaussian-transform-spreading-width = 0.2
       gaussian-transform-spreading-range-in-multiples-of-width = 4
       reference-density-filename = reference.mrc
       nst                        = 1
       normalize-densities        = true
       adaptive-force-scaling     = false
       adaptive-force-scaling-time-constant = 4
grpopts:
   nrdf:        7045       55659
   ref-t:      298.15      298.15
   tau-t:           1           1
annealing:          No          No
annealing-npoints:           0           0
   acc:	           0           0           0
   nfreeze:           N           N           N
   energygrp-flags[  0]: 0

Changing nstlist from 20 to 100, rlist from 1.2 to 1.2

1 GPU selected for this run.
Mapping of GPU IDs to the 2 GPU tasks in the 1 rank on this node:
  PP:0,PME:0
PP tasks will do (non-perturbed) short-ranged interactions on the GPU
PP task will update and constrain coordinates on the CPU
PME tasks will do all aspects on the GPU
Using 1 MPI process

Non-default thread affinity set, disabling internal thread affinity

Using 1 OpenMP thread 

System total charge: 0.000
Will do PME sum in reciprocal space for electrostatic interactions.

++++ PLEASE READ AND CITE THE FOLLOWING REFERENCE ++++
U. Essmann, L. Perera, M. L. Berkowitz, T. Darden, H. Lee and L. G. Pedersen 
A smooth particle mesh Ewald method
J. Chem. Phys. 103 (1995) pp. 8577-8592
-------- -------- --- Thank You --- -------- --------

Using a Gaussian width (1/beta) of 0.384195 nm for Ewald
Potential shift: LJ r^-12: -2.648e-01 r^-6: -5.349e-01, Ewald -8.333e-06
Initialized non-bonded Ewald tables, spacing: 1.02e-03 size: 1176

Generated table with 1100 data points for 1-4 COUL.
Tabscale = 500 points/nm
Generated table with 1100 data points for 1-4 LJ6.
Tabscale = 500 points/nm
Generated table with 1100 data points for 1-4 LJ12.
Tabscale = 500 points/nm

Using GPU 8x8 nonbonded short-range kernels

Using a 8x8 pair-list setup:
  updated every 100 steps, buffer 0.000 nm, rlist 1.200 nm
At tolerance 0.005 kJ/mol/ps per atom, equivalent classical 1x1 list would be:
  updated every 100 steps, buffer 0.038 nm, rlist 1.238 nm

Removing pbc first time

Initializing LINear Constraint Solver

++++ PLEASE READ AND CITE THE FOLLOWING REFERENCE ++++
B. Hess and H. Bekker and H. J. C. Berendsen and J. G. E. M. Fraaije
LINCS: A Linear Constraint Solver for molecular simulations
J. Comp. Chem. 18 (1997) pp. 1463-1472
-------- -------- --- Thank You --- -------- --------

The number of constraints is 1394

++++ PLEASE READ AND CITE THE FOLLOWING REFERENCE ++++
S. Miyamoto and P. A. Kollman
SETTLE: An Analytical Version of the SHAKE and RATTLE Algorithms for Rigid
Water Models
J. Comp. Chem. 13 (1992) pp. 952-962
-------- -------- --- Thank You --- -------- --------

There are: 30628 Atoms

Constraining the starting coordinates (step 0)

Constraining the coordinates at t0-dt (step 0)
Center of mass motion removal mode is Linear
We have the following groups for center of mass motion removal:
  0:  Protein
  1:  non-Protein
RMS relative constraint deviation after constraining: 1.12e-06
Initial temperature: 298.322 K

Started mdrun on rank 0 Thu Mar 31 18:44:08 2022

           Step           Time
              0        0.00000

   Energies (kJ/mol)
           Bond            U-B    Proper Dih.  Improper Dih.      CMAP Dih.
    4.28934e+02    1.61288e+03    7.27021e+03    1.11456e+02   -2.89524e+02
          LJ-14     Coulomb-14        LJ (SR)   Coulomb (SR)   Coul. recip.
    2.61974e+03    3.98830e+04    4.94992e+04   -5.56035e+05    3.38553e+03
 Position Rest.      Potential    Kinetic En.   Total Energy  Conserved En.
    8.84335e-05   -4.51513e+05    7.77650e+04   -3.73748e+05   -3.73748e+05
    Temperature Pressure (bar)   Constr. rmsd
    2.98322e+02   -1.52088e+03    1.12437e-06

           Step           Time
           1000        0.20000

   Energies (kJ/mol)
           Bond            U-B    Proper Dih.  Improper Dih.      CMAP Dih.
    1.86341e+03    5.36875e+03    7.62367e+03    2.79185e+02   -3.83423e+02
          LJ-14     Coulomb-14        LJ (SR)   Coulomb (SR)   Coul. recip.
    2.36313e+03    3.90123e+04    4.46031e+04   -5.16746e+05    1.78128e+03
 Position Rest.      Potential    Kinetic En.   Total Energy  Conserved En.
    3.56371e+02   -4.13878e+05    6.95034e+04   -3.44374e+05   -3.73089e+05
    Temperature Pressure (bar)   Constr. rmsd
    2.66628e+02   -6.35153e+02    1.04523e-06

           Step           Time
           2000        0.40000

   Energies (kJ/mol)
           Bond            U-B    Proper Dih.  Improper Dih.      CMAP Dih.
    2.44810e+03    6.33828e+03    8.16899e+03    4.27115e+02   -3.74019e+02
          LJ-14     Coulomb-14        LJ (SR)   Coulomb (SR)   Coul. recip.
    2.44985e+03    3.87852e+04    3.88601e+04   -4.76590e+05    2.07856e+03
 Position Rest.      Potential    Kinetic En.   Total Energy  Conserved En.
    5.37967e+02   -3.76870e+05    1.00160e+05   -2.76711e+05   -3.72890e+05
    Temperature Pressure (bar)   Constr. rmsd
    3.84232e+02    8.10164e+02    1.14002e-06

           Step           Time
           3000        0.60000

   Energies (kJ/mol)
           Bond            U-B    Proper Dih.  Improper Dih.      CMAP Dih.
    2.19920e+03    6.52278e+03    8.21783e+03    4.19175e+02   -4.00979e+02
          LJ-14     Coulomb-14        LJ (SR)   Coulomb (SR)   Coul. recip.
    2.45923e+03    3.97298e+04    3.07088e+04   -4.59667e+05    2.15056e+03
 Position Rest.      Potential    Kinetic En.   Total Energy  Conserved En.
    5.33447e+02   -3.67128e+05    9.34336e+04   -2.73694e+05   -3.73760e+05
    Temperature Pressure (bar)   Constr. rmsd
    3.58430e+02   -1.06136e+02    1.11145e-06

step 3800: timed with pme grid 60 60 60, coulomb cutoff 1.200: 293.2 M-cycles
step 4000: timed with pme grid 52 52 52, coulomb cutoff 1.327: 335.6 M-cycles
           Step           Time
           4000        0.80000

   Energies (kJ/mol)
           Bond            U-B    Proper Dih.  Improper Dih.      CMAP Dih.
    1.99087e+03    5.34347e+03    7.78867e+03    3.39774e+02   -3.55436e+02
          LJ-14     Coulomb-14        LJ (SR)   Coulomb (SR)   Coul. recip.
    2.24937e+03    3.93897e+04    3.11603e+04   -4.83067e+05    1.58422e+03
 Position Rest.      Potential    Kinetic En.   Total Energy  Conserved En.
    4.06972e+02   -3.93169e+05    7.22271e+04   -3.20942e+05   -3.73670e+05
    Temperature Pressure (bar)   Constr. rmsd
    2.77077e+02   -1.98643e+03    1.06251e-06

step 4200: timed with pme grid 56 56 56, coulomb cutoff 1.232: 305.3 M-cycles
step 4400: timed with pme grid 60 60 60, coulomb cutoff 1.200: 295.2 M-cycles
              optimal pme grid 60 60 60, coulomb cutoff 1.200
           Step           Time
           5000        1.00000

   Energies (kJ/mol)
           Bond            U-B    Proper Dih.  Improper Dih.      CMAP Dih.
    1.79293e+03    4.89915e+03    7.59965e+03    3.12701e+02   -3.55956e+02
          LJ-14     Coulomb-14        LJ (SR)   Coulomb (SR)   Coul. recip.
    2.15271e+03    3.92314e+04    3.61198e+04   -5.05627e+05    1.57499e+03
 Position Rest.      Potential    Kinetic En.   Total Energy  Conserved En.
    3.76568e+02   -4.11923e+05    6.39057e+04   -3.48018e+05   -3.73261e+05
    Temperature Pressure (bar)   Constr. rmsd
    2.45155e+02   -2.33996e+03    1.00711e-06

           Step           Time
           6000        1.20000

   Energies (kJ/mol)
           Bond            U-B    Proper Dih.  Improper Dih.      CMAP Dih.
    1.95504e+03    5.42402e+03    7.62745e+03    3.54558e+02   -3.31829e+02
          LJ-14     Coulomb-14        LJ (SR)   Coulomb (SR)   Coul. recip.
    2.29538e+03    3.89954e+04    3.92282e+04   -5.08444e+05    1.53591e+03
 Position Rest.      Potential    Kinetic En.   Total Energy  Conserved En.
    3.84379e+02   -4.10976e+05    7.00961e+04   -3.40879e+05   -3.72933e+05
    Temperature Pressure (bar)   Constr. rmsd
    2.68902e+02   -1.58246e+03    1.03726e-06

           Step           Time
           7000        1.40000

   Energies (kJ/mol)
           Bond            U-B    Proper Dih.  Improper Dih.      CMAP Dih.
    2.48206e+03    6.67992e+03    8.04508e+03    4.14568e+02   -3.60273e+02
          LJ-14     Coulomb-14        LJ (SR)   Coulomb (SR)   Coul. recip.
    2.47360e+03    3.93019e+04    3.79282e+04   -4.93255e+05    1.75598e+03
 Position Rest.      Potential    Kinetic En.   Total Energy  Conserved En.
    4.33441e+02   -3.94100e+05    8.32340e+04   -3.10866e+05   -3.72792e+05
    Temperature Pressure (bar)   Constr. rmsd
    3.19302e+02   -8.17983e+02    1.09668e-06

           Step           Time
           8000        1.60000

   Energies (kJ/mol)
           Bond            U-B    Proper Dih.  Improper Dih.      CMAP Dih.
    2.47974e+03    6.68960e+03    8.05291e+03    4.06567e+02   -3.08841e+02
          LJ-14     Coulomb-14        LJ (SR)   Coulomb (SR)   Coul. recip.
    2.39250e+03    3.96248e+04    3.47345e+04   -4.78795e+05    1.84208e+03
 Position Rest.      Potential    Kinetic En.   Total Energy  Conserved En.
    4.31879e+02   -3.82449e+05    8.74516e+04   -2.94998e+05   -3.73094e+05
    Temperature Pressure (bar)   Constr. rmsd
    3.35481e+02   -3.14609e+02    1.14980e-06

           Step           Time
           9000        1.80000

   Energies (kJ/mol)
           Bond            U-B    Proper Dih.  Improper Dih.      CMAP Dih.
    2.02929e+03    5.63174e+03    7.73071e+03    4.26661e+02   -3.34376e+02
          LJ-14     Coulomb-14        LJ (SR)   Coulomb (SR)   Coul. recip.
    2.33810e+03    3.91198e+04    3.22598e+04   -4.80824e+05    1.78233e+03
 Position Rest.      Potential    Kinetic En.   Total Energy  Conserved En.
    3.79944e+02   -3.89460e+05    7.90464e+04   -3.10414e+05   -3.73285e+05
    Temperature Pressure (bar)   Constr. rmsd
    3.03237e+02   -1.19470e+03    1.06892e-06

           Step           Time
          10000        2.00000

   Energies (kJ/mol)
           Bond            U-B    Proper Dih.  Improper Dih.      CMAP Dih.
    1.81035e+03    5.13346e+03    7.54681e+03    2.97491e+02   -3.71141e+02
          LJ-14     Coulomb-14        LJ (SR)   Coulomb (SR)   Coul. recip.
    2.25272e+03    3.94659e+04    3.39956e+04   -4.93164e+05    1.67130e+03
 Position Rest.      Potential    Kinetic En.   Total Energy  Conserved En.
    3.56532e+02   -4.01005e+05    7.14173e+04   -3.29588e+05   -3.73160e+05
    Temperature Pressure (bar)   Constr. rmsd
    2.73971e+02   -1.61600e+03    1.03360e-06

           Step           Time
          11000        2.20000

   Energies (kJ/mol)
           Bond            U-B    Proper Dih.  Improper Dih.      CMAP Dih.
    2.03757e+03    5.27296e+03    7.58368e+03    3.15587e+02   -3.65940e+02
          LJ-14     Coulomb-14        LJ (SR)   Coulomb (SR)   Coul. recip.
    2.27110e+03    3.91920e+04    3.67884e+04   -5.00178e+05    1.62335e+03
 Position Rest.      Potential    Kinetic En.   Total Energy  Conserved En.
    3.49353e+02   -4.05110e+05    7.21289e+04   -3.32981e+05   -3.72976e+05
    Temperature Pressure (bar)   Constr. rmsd
    2.76700e+02   -1.48368e+03    1.06178e-06

           Step           Time
          12000        2.40000

   Energies (kJ/mol)
           Bond            U-B    Proper Dih.  Improper Dih.      CMAP Dih.
    2.29858e+03    6.22863e+03    7.94928e+03    4.08157e+02   -3.39246e+02
          LJ-14     Coulomb-14        LJ (SR)   Coulomb (SR)   Coul. recip.
    2.45198e+03    3.94916e+04    3.73954e+04   -4.97417e+05    1.64144e+03
 Position Rest.      Potential    Kinetic En.   Total Energy  Conserved En.
    3.93002e+02   -3.99498e+05    7.87926e+04   -3.20705e+05   -3.72860e+05
    Temperature Pressure (bar)   Constr. rmsd
    3.02264e+02   -8.28224e+02    1.16513e-06

           Step           Time
          13000        2.60000

   Energies (kJ/mol)
           Bond            U-B    Proper Dih.  Improper Dih.      CMAP Dih.
    2.59822e+03    6.96635e+03    7.99659e+03    4.53572e+02   -3.51749e+02
          LJ-14     Coulomb-14        LJ (SR)   Coulomb (SR)   Coul. recip.
    2.37911e+03    3.93738e+04    3.65779e+04   -4.90190e+05    1.77320e+03
 Position Rest.      Potential    Kinetic En.   Total Energy  Conserved En.
    4.25031e+02   -3.91998e+05    8.29213e+04   -3.09076e+05   -3.72968e+05
    Temperature Pressure (bar)   Constr. rmsd
    3.18102e+02   -7.39170e+02    1.14697e-06

           Step           Time
          14000        2.80000

   Energies (kJ/mol)
           Bond            U-B    Proper Dih.  Improper Dih.      CMAP Dih.
    2.20104e+03    5.91275e+03    7.74278e+03    4.08274e+02   -3.54163e+02
          LJ-14     Coulomb-14        LJ (SR)   Coulomb (SR)   Coul. recip.
    2.27982e+03    3.94627e+04    3.35122e+04   -4.86022e+05    1.72716e+03
 Position Rest.      Potential    Kinetic En.   Total Energy  Conserved En.
    4.18514e+02   -3.92710e+05    8.00649e+04   -3.12645e+05   -3.73099e+05
    Temperature Pressure (bar)   Constr. rmsd
    3.07145e+02   -1.37447e+03    1.05654e-06

           Step           Time
          15000        3.00000

   Energies (kJ/mol)
           Bond            U-B    Proper Dih.  Improper Dih.      CMAP Dih.
    1.97563e+03    5.11140e+03    7.53161e+03    3.11389e+02   -4.00782e+02
          LJ-14     Coulomb-14        LJ (SR)   Coulomb (SR)   Coul. recip.
    2.30537e+03    3.92962e+04    3.47046e+04   -4.90867e+05    1.60985e+03
 Position Rest.      Potential    Kinetic En.   Total Energy  Conserved En.
    3.50571e+02   -3.98071e+05    7.57935e+04   -3.22278e+05   -3.73086e+05
    Temperature Pressure (bar)   Constr. rmsd
    2.90758e+02   -1.14495e+03    1.06498e-06

           Step           Time
          16000        3.20000

   Energies (kJ/mol)
           Bond            U-B    Proper Dih.  Improper Dih.      CMAP Dih.
    1.89848e+03    5.27202e+03    7.55486e+03    3.64742e+02   -3.82581e+02
          LJ-14     Coulomb-14        LJ (SR)   Coulomb (SR)   Coul. recip.
    2.29109e+03    3.94954e+04    3.50593e+04   -4.94791e+05    1.58845e+03
 Position Rest.      Potential    Kinetic En.   Total Energy  Conserved En.
    3.66241e+02   -4.01283e+05    7.45660e+04   -3.26717e+05   -3.73002e+05
    Temperature Pressure (bar)   Constr. rmsd
    2.86050e+02   -1.52404e+03    1.06580e-06

           Step           Time
          17000        3.40000

   Energies (kJ/mol)
           Bond            U-B    Proper Dih.  Improper Dih.      CMAP Dih.
    2.42783e+03    6.35398e+03    7.73321e+03    3.90438e+02   -2.81254e+02
          LJ-14     Coulomb-14        LJ (SR)   Coulomb (SR)   Coul. recip.
    2.27630e+03    3.91654e+04    3.55535e+04   -4.95066e+05    1.59161e+03
 Position Rest.      Potential    Kinetic En.   Total Energy  Conserved En.
    4.02614e+02   -3.99453e+05    7.69368e+04   -3.22516e+05   -3.72926e+05
    Temperature Pressure (bar)   Constr. rmsd
    2.95144e+02   -1.22822e+03    1.07205e-06

           Step           Time
          18000        3.60000

   Energies (kJ/mol)
           Bond            U-B    Proper Dih.  Improper Dih.      CMAP Dih.
    2.50413e+03    6.99384e+03    7.87143e+03    4.23701e+02   -3.00694e+02
          LJ-14     Coulomb-14        LJ (SR)   Coulomb (SR)   Coul. recip.
    2.33072e+03    3.91560e+04    3.48024e+04   -4.91778e+05    1.62649e+03
 Position Rest.      Potential    Kinetic En.   Total Energy  Conserved En.
    4.34443e+02   -3.95936e+05    7.98792e+04   -3.16056e+05   -3.72963e+05
    Temperature Pressure (bar)   Constr. rmsd
    3.06432e+02   -1.54037e+03    1.12636e-06

           Step           Time
          19000        3.80000

   Energies (kJ/mol)
           Bond            U-B    Proper Dih.  Improper Dih.      CMAP Dih.
    2.39264e+03    6.20483e+03    7.68521e+03    3.64932e+02   -3.68650e+02
          LJ-14     Coulomb-14        LJ (SR)   Coulomb (SR)   Coul. recip.
    2.32122e+03    3.90058e+04    3.51703e+04   -4.90360e+05    1.65532e+03
 Position Rest.      Potential    Kinetic En.   Total Energy  Conserved En.
    3.93014e+02   -3.95535e+05    7.94464e+04   -3.16089e+05   -3.73033e+05
    Temperature Pressure (bar)   Constr. rmsd
    3.04772e+02   -1.27539e+03    1.09994e-06

           Step           Time
          20000        4.00000

   Energies (kJ/mol)
           Bond            U-B    Proper Dih.  Improper Dih.      CMAP Dih.
    1.88734e+03    5.37186e+03    7.64807e+03    3.38516e+02   -3.95366e+02
          LJ-14     Coulomb-14        LJ (SR)   Coulomb (SR)   Coul. recip.
    2.34359e+03    3.91991e+04    3.52377e+04   -4.91636e+05    1.66689e+03
 Position Rest.      Potential    Kinetic En.   Total Energy  Conserved En.
    3.21335e+02   -3.98017e+05    7.71999e+04   -3.20817e+05   -3.73044e+05
    Temperature Pressure (bar)   Constr. rmsd
    2.96154e+02   -1.05742e+03    1.05955e-06

           Step           Time
          21000        4.20000

   Energies (kJ/mol)
           Bond            U-B    Proper Dih.  Improper Dih.      CMAP Dih.
    1.97699e+03    5.46271e+03    7.52438e+03    3.54497e+02   -3.55280e+02
          LJ-14     Coulomb-14        LJ (SR)   Coulomb (SR)   Coul. recip.
    2.33448e+03    3.92263e+04    3.53429e+04   -4.94124e+05    1.54748e+03
 Position Rest.      Potential    Kinetic En.   Total Energy  Conserved En.
    3.24297e+02   -4.00386e+05    7.60176e+04   -3.24368e+05   -3.73012e+05
    Temperature Pressure (bar)   Constr. rmsd
    2.91618e+02   -1.23182e+03    1.05103e-06

           Step           Time
          22000        4.40000

   Energies (kJ/mol)
           Bond            U-B    Proper Dih.  Improper Dih.      CMAP Dih.
    2.24173e+03    6.08200e+03    7.73553e+03    4.00709e+02   -3.68234e+02
          LJ-14     Coulomb-14        LJ (SR)   Coulomb (SR)   Coul. recip.
    2.33441e+03    3.92109e+04    3.44556e+04   -4.93657e+05    1.54621e+03
 Position Rest.      Potential    Kinetic En.   Total Energy  Conserved En.
    3.51599e+02   -3.99667e+05    7.68133e+04   -3.22853e+05   -3.72955e+05
    Temperature Pressure (bar)   Constr. rmsd
    2.94671e+02   -1.39185e+03    1.05985e-06

           Step           Time
          23000        4.60000

   Energies (kJ/mol)
           Bond            U-B    Proper Dih.  Improper Dih.      CMAP Dih.
    2.48967e+03    6.63762e+03    7.84613e+03    4.21089e+02   -3.35501e+02
          LJ-14     Coulomb-14        LJ (SR)   Coulomb (SR)   Coul. recip.
    2.35054e+03    3.93693e+04    3.55216e+04   -4.93496e+05    1.68820e+03
 Position Rest.      Potential    Kinetic En.   Total Energy  Conserved En.
    4.12089e+02   -3.97095e+05    7.91019e+04   -3.17993e+05   -3.72953e+05
    Temperature Pressure (bar)   Constr. rmsd
    3.03450e+02   -1.29938e+03    1.15338e-06

           Step           Time
          24000        4.80000

   Energies (kJ/mol)
           Bond            U-B    Proper Dih.  Improper Dih.      CMAP Dih.
    2.27355e+03    6.44696e+03    7.66193e+03    4.32510e+02   -3.44382e+02
          LJ-14     Coulomb-14        LJ (SR)   Coulomb (SR)   Coul. recip.
    2.36748e+03    3.91814e+04    3.55839e+04   -4.91127e+05    1.71645e+03
 Position Rest.      Potential    Kinetic En.   Total Energy  Conserved En.
    3.61181e+02   -3.95446e+05    7.87948e+04   -3.16651e+05   -3.73009e+05
    Temperature Pressure (bar)   Constr. rmsd
    3.02272e+02   -1.02426e+03    1.14902e-06

           Step           Time
          25000        5.00000

   Energies (kJ/mol)
           Bond            U-B    Proper Dih.  Improper Dih.      CMAP Dih.
    2.21819e+03    5.69113e+03    7.63307e+03    3.64683e+02   -3.41265e+02
          LJ-14     Coulomb-14        LJ (SR)   Coulomb (SR)   Coul. recip.
    2.31555e+03    3.93681e+04    3.52505e+04   -4.91683e+05    1.69453e+03
 Position Rest.      Potential    Kinetic En.   Total Energy  Conserved En.
    3.30287e+02   -3.97158e+05    7.76868e+04   -3.19471e+05   -3.73031e+05
    Temperature Pressure (bar)   Constr. rmsd
    2.98022e+02   -1.37536e+03    1.09535e-06

           Step           Time
          26000        5.20000

   Energies (kJ/mol)
           Bond            U-B    Proper Dih.  Improper Dih.      CMAP Dih.
    2.02608e+03    5.68948e+03    7.59155e+03    3.32058e+02   -3.41078e+02
          LJ-14     Coulomb-14        LJ (SR)   Coulomb (SR)   Coul. recip.
    2.32728e+03    3.92446e+04    3.48509e+04   -4.91962e+05    1.60293e+03
 Position Rest.      Potential    Kinetic En.   Total Energy  Conserved En.
    2.92512e+02   -3.98346e+05    7.64574e+04   -3.21888e+05   -3.73010e+05
    Temperature Pressure (bar)   Constr. rmsd
    2.93306e+02   -1.22850e+03    1.05680e-06

           Step           Time
          27000        5.40000

   Energies (kJ/mol)
           Bond            U-B    Proper Dih.  Improper Dih.      CMAP Dih.
    2.12914e+03    5.89330e+03    7.59557e+03    3.37175e+02   -3.50312e+02
          LJ-14     Coulomb-14        LJ (SR)   Coulomb (SR)   Coul. recip.
    2.26807e+03    3.91758e+04    3.47550e+04   -4.92447e+05    1.65822e+03
 Position Rest.      Potential    Kinetic En.   Total Energy  Conserved En.
    3.21722e+02   -3.98663e+05    7.70108e+04   -3.21652e+05   -3.72988e+05
    Temperature Pressure (bar)   Constr. rmsd
    2.95428e+02   -1.36937e+03    1.09158e-06

           Step           Time
          28000        5.60000

   Energies (kJ/mol)
           Bond            U-B    Proper Dih.  Improper Dih.      CMAP Dih.
    2.48634e+03    6.29583e+03    7.72780e+03    3.67103e+02   -3.04466e+02
          LJ-14     Coulomb-14        LJ (SR)   Coulomb (SR)   Coul. recip.
    2.31406e+03    3.92354e+04    3.49281e+04   -4.92324e+05    1.69449e+03
 Position Rest.      Potential    Kinetic En.   Total Energy  Conserved En.
    3.89032e+02   -3.97190e+05    7.79371e+04   -3.19253e+05   -3.72979e+05
    Temperature Pressure (bar)   Constr. rmsd
    2.98982e+02   -1.34898e+03    1.15466e-06

           Step           Time
          29000        5.80000

   Energies (kJ/mol)
           Bond            U-B    Proper Dih.  Improper Dih.      CMAP Dih.
    2.21685e+03    6.23289e+03    7.71307e+03    3.59007e+02   -3.58254e+02
          LJ-14     Coulomb-14        LJ (SR)   Coulomb (SR)   Coul. recip.
    2.47335e+03    3.92842e+04    3.53085e+04   -4.92237e+05    1.73142e+03
 Position Rest.      Potential    Kinetic En.   Total Energy  Conserved En.
    3.80015e+02   -3.96896e+05    7.89283e+04   -3.17968e+05   -3.73021e+05
    Temperature Pressure (bar)   Constr. rmsd
    3.02784e+02   -1.18398e+03    1.11975e-06

           Step           Time
          30000        6.00000

   Energies (kJ/mol)
           Bond            U-B    Proper Dih.  Improper Dih.      CMAP Dih.
    2.14478e+03    6.06807e+03    7.61402e+03    3.28156e+02   -3.32426e+02
          LJ-14     Coulomb-14        LJ (SR)   Coulomb (SR)   Coul. recip.
    2.30801e+03    3.90520e+04    3.52690e+04   -4.92834e+05    1.62350e+03
 Position Rest.      Potential    Kinetic En.   Total Energy  Conserved En.
    3.32398e+02   -3.98426e+05    7.85316e+04   -3.19895e+05   -3.73049e+05
    Temperature Pressure (bar)   Constr. rmsd
    3.01262e+02   -1.16177e+03    1.10642e-06

           Step           Time
          31000        6.20000

   Energies (kJ/mol)
           Bond            U-B    Proper Dih.  Improper Dih.      CMAP Dih.
    2.05705e+03    5.73937e+03    7.67732e+03    3.40756e+02   -3.66722e+02
          LJ-14     Coulomb-14        LJ (SR)   Coulomb (SR)   Coul. recip.
    2.34962e+03    3.94192e+04    3.42319e+04   -4.92579e+05    1.65091e+03
 Position Rest.      Potential    Kinetic En.   Total Energy  Conserved En.
    3.03296e+02   -3.99177e+05    7.66552e+04   -3.22521e+05   -3.73033e+05
    Temperature Pressure (bar)   Constr. rmsd
    2.94064e+02   -1.44462e+03    1.06711e-06

           Step           Time
          32000        6.40000

   Energies (kJ/mol)
           Bond            U-B    Proper Dih.  Improper Dih.      CMAP Dih.
    2.22316e+03    6.00658e+03    7.54355e+03    3.52188e+02   -3.72987e+02
          LJ-14     Coulomb-14        LJ (SR)   Coulomb (SR)   Coul. recip.
    2.21141e+03    3.91519e+04    3.51028e+04   -4.93861e+05    1.64711e+03
 Position Rest.      Potential    Kinetic En.   Total Energy  Conserved En.
    3.16378e+02   -3.99679e+05    7.75549e+04   -3.22124e+05   -3.73007e+05
    Temperature Pressure (bar)   Constr. rmsd
    2.97516e+02   -1.61824e+03    1.08995e-06

           Step           Time
          33000        6.60000

   Energies (kJ/mol)
           Bond            U-B    Proper Dih.  Improper Dih.      CMAP Dih.
    2.44247e+03    6.20017e+03    7.71743e+03    4.01061e+02   -3.28688e+02
          LJ-14     Coulomb-14        LJ (SR)   Coulomb (SR)   Coul. recip.
    2.33632e+03    3.93626e+04    3.43861e+04   -4.92434e+05    1.67249e+03
 Position Rest.      Potential    Kinetic En.   Total Energy  Conserved En.
    3.18855e+02   -3.97925e+05    7.80017e+04   -3.19923e+05   -3.73001e+05
    Temperature Pressure (bar)   Constr. rmsd
    2.99230e+02   -1.38856e+03    1.08455e-06

           Step           Time
          34000        6.80000

   Energies (kJ/mol)
           Bond            U-B    Proper Dih.  Improper Dih.      CMAP Dih.
    2.43047e+03    6.53761e+03    7.75520e+03    3.87037e+02   -3.67096e+02
          LJ-14     Coulomb-14        LJ (SR)   Coulomb (SR)   Coul. recip.
    2.25055e+03    3.91101e+04    3.51835e+04   -4.92208e+05    1.62765e+03
 Position Rest.      Potential    Kinetic En.   Total Energy  Conserved En.
    3.52704e+02   -3.96940e+05    7.85627e+04   -3.18378e+05   -3.73033e+05
    Temperature Pressure (bar)   Constr. rmsd
    3.01382e+02   -1.38146e+03    1.10564e-06

           Step           Time
          35000        7.00000

   Energies (kJ/mol)
           Bond            U-B    Proper Dih.  Improper Dih.      CMAP Dih.
    2.17282e+03    6.05400e+03    7.68488e+03    3.55323e+02   -3.68687e+02
          LJ-14     Coulomb-14        LJ (SR)   Coulomb (SR)   Coul. recip.
    2.32630e+03    3.93560e+04    3.46331e+04   -4.91889e+05    1.63907e+03
 Position Rest.      Potential    Kinetic En.   Total Energy  Conserved En.
    3.47575e+02   -3.97689e+05    7.74943e+04   -3.20195e+05   -3.73064e+05
    Temperature Pressure (bar)   Constr. rmsd
    2.97283e+02   -1.43238e+03    1.10998e-06

           Step           Time
          36000        7.20000

   Energies (kJ/mol)
           Bond            U-B    Proper Dih.  Improper Dih.      CMAP Dih.
    2.12602e+03    5.71779e+03    7.69231e+03    3.54979e+02   -3.99578e+02
          LJ-14     Coulomb-14        LJ (SR)   Coulomb (SR)   Coul. recip.
    2.28177e+03    3.92905e+04    3.50475e+04   -4.92481e+05    1.62009e+03
 Position Rest.      Potential    Kinetic En.   Total Energy  Conserved En.
    3.23362e+02   -3.98426e+05    7.62992e+04   -3.22127e+05   -3.73049e+05
    Temperature Pressure (bar)   Constr. rmsd
    2.92698e+02   -1.45773e+03    1.09793e-06

           Step           Time
          37000        7.40000

   Energies (kJ/mol)
           Bond            U-B    Proper Dih.  Improper Dih.      CMAP Dih.
    2.13965e+03    5.90495e+03    7.60220e+03    3.32624e+02   -3.56034e+02
          LJ-14     Coulomb-14        LJ (SR)   Coulomb (SR)   Coul. recip.
    2.34595e+03    3.90547e+04    3.53229e+04   -4.93579e+05    1.64001e+03
 Position Rest.      Potential    Kinetic En.   Total Energy  Conserved En.
    3.43711e+02   -3.99248e+05    7.74516e+04   -3.21796e+05   -3.73031e+05
    Temperature Pressure (bar)   Constr. rmsd
    2.97119e+02   -1.31790e+03    1.09102e-06

           Step           Time
          38000        7.60000

   Energies (kJ/mol)
           Bond            U-B    Proper Dih.  Improper Dih.      CMAP Dih.
    2.41205e+03    6.23274e+03    7.72276e+03    3.78814e+02   -3.57769e+02
          LJ-14     Coulomb-14        LJ (SR)   Coulomb (SR)   Coul. recip.
    2.37440e+03    3.91596e+04    3.59324e+04   -4.93498e+05    1.64026e+03
 Position Rest.      Potential    Kinetic En.   Total Energy  Conserved En.
    3.75639e+02   -3.97627e+05    7.73125e+04   -3.20315e+05   -3.73033e+05
    Temperature Pressure (bar)   Constr. rmsd
    2.96586e+02   -1.26237e+03    1.10374e-06

           Step           Time
          39000        7.80000

   Energies (kJ/mol)
           Bond            U-B    Proper Dih.  Improper Dih.      CMAP Dih.
    2.41198e+03    6.34075e+03    7.61429e+03    3.31176e+02   -3.55637e+02
          LJ-14     Coulomb-14        LJ (SR)   Coulomb (SR)   Coul. recip.
    2.39661e+03    3.91027e+04    3.55303e+04   -4.93448e+05    1.68753e+03
 Position Rest.      Potential    Kinetic En.   Total Energy  Conserved En.
    3.57910e+02   -3.98030e+05    7.85157e+04   -3.19514e+05   -3.73052e+05
    Temperature Pressure (bar)   Constr. rmsd
    3.01202e+02   -1.25383e+03    1.12224e-06

           Step           Time
          40000        8.00000

   Energies (kJ/mol)
           Bond            U-B    Proper Dih.  Improper Dih.      CMAP Dih.
    2.32520e+03    6.10023e+03    7.70172e+03    3.65313e+02   -3.49881e+02
          LJ-14     Coulomb-14        LJ (SR)   Coulomb (SR)   Coul. recip.
    2.39960e+03    3.91301e+04    3.52449e+04   -4.92883e+05    1.63783e+03
 Position Rest.      Potential    Kinetic En.   Total Energy  Conserved En.
    3.62017e+02   -3.97966e+05    7.79008e+04   -3.20065e+05   -3.73062e+05
    Temperature Pressure (bar)   Constr. rmsd
    2.98843e+02   -1.07346e+03    1.13002e-06

           Step           Time
          41000        8.20000

   Energies (kJ/mol)
           Bond            U-B    Proper Dih.  Improper Dih.      CMAP Dih.
    2.14859e+03    5.71781e+03    7.54998e+03    3.69752e+02   -3.54993e+02
          LJ-14     Coulomb-14        LJ (SR)   Coulomb (SR)   Coul. recip.
    2.33788e+03    3.91290e+04    3.47323e+04   -4.92031e+05    1.68172e+03
 Position Rest.      Potential    Kinetic En.   Total Energy  Conserved En.
    3.29161e+02   -3.98390e+05    7.72769e+04   -3.21113e+05   -3.73064e+05
    Temperature Pressure (bar)   Constr. rmsd
    2.96449e+02   -1.40311e+03    1.08553e-06

           Step           Time
          42000        8.40000

   Energies (kJ/mol)
           Bond            U-B    Proper Dih.  Improper Dih.      CMAP Dih.
    2.15947e+03    5.71264e+03    7.56120e+03    3.25860e+02   -3.42138e+02
          LJ-14     Coulomb-14        LJ (SR)   Coulomb (SR)   Coul. recip.
    2.32784e+03    3.93258e+04    3.49061e+04   -4.92358e+05    1.63330e+03
 Position Rest.      Potential    Kinetic En.   Total Energy  Conserved En.
    3.21083e+02   -3.98427e+05    7.76547e+04   -3.20772e+05   -3.73052e+05
    Temperature Pressure (bar)   Constr. rmsd
    2.97898e+02   -1.27201e+03    1.09904e-06

           Step           Time
          43000        8.60000

   Energies (kJ/mol)
           Bond            U-B    Proper Dih.  Improper Dih.      CMAP Dih.
    2.35123e+03    6.19395e+03    7.77653e+03    3.89704e+02   -3.37235e+02
          LJ-14     Coulomb-14        LJ (SR)   Coulomb (SR)   Coul. recip.
    2.31682e+03    3.93791e+04    3.52419e+04   -4.92896e+05    1.64826e+03
 Position Rest.      Potential    Kinetic En.   Total Energy  Conserved En.
    3.22196e+02   -3.97614e+05    7.81562e+04   -3.19457e+05   -3.73057e+05
    Temperature Pressure (bar)   Constr. rmsd
    2.99822e+02   -1.20894e+03    1.12053e-06

           Step           Time
          44000        8.80000

   Energies (kJ/mol)
           Bond            U-B    Proper Dih.  Improper Dih.      CMAP Dih.
    2.32222e+03    6.33026e+03    7.70145e+03    4.13529e+02   -3.50737e+02
          LJ-14     Coulomb-14        LJ (SR)   Coulomb (SR)   Coul. recip.
    2.31162e+03    3.91238e+04    3.40601e+04   -4.91400e+05    1.70619e+03
 Position Rest.      Potential    Kinetic En.   Total Energy  Conserved En.
    3.53409e+02   -3.97428e+05    7.81944e+04   -3.19234e+05   -3.73080e+05
    Temperature Pressure (bar)   Constr. rmsd
    2.99969e+02   -1.55838e+03    1.09657e-06

           Step           Time
          45000        9.00000

   Energies (kJ/mol)
           Bond            U-B    Proper Dih.  Improper Dih.      CMAP Dih.
    2.35031e+03    6.07123e+03    7.68938e+03    3.63434e+02   -3.67467e+02
          LJ-14     Coulomb-14        LJ (SR)   Coulomb (SR)   Coul. recip.
    2.26749e+03    3.91020e+04    3.41871e+04   -4.91755e+05    1.66596e+03
 Position Rest.      Potential    Kinetic En.   Total Energy  Conserved En.
    3.62816e+02   -3.98063e+05    7.83083e+04   -3.19754e+05   -3.73094e+05
    Temperature Pressure (bar)   Constr. rmsd
    3.00406e+02   -1.51190e+03    1.06993e-06

           Step           Time
          46000        9.20000

   Energies (kJ/mol)
           Bond            U-B    Proper Dih.  Improper Dih.      CMAP Dih.
    2.21419e+03    6.04805e+03    7.68900e+03    3.37208e+02   -3.70047e+02
          LJ-14     Coulomb-14        LJ (SR)   Coulomb (SR)   Coul. recip.
    2.26458e+03    3.89256e+04    3.51743e+04   -4.92389e+05    1.64828e+03
 Position Rest.      Potential    Kinetic En.   Total Energy  Conserved En.
    3.38833e+02   -3.98119e+05    7.74481e+04   -3.20671e+05   -3.73091e+05
    Temperature Pressure (bar)   Constr. rmsd
    2.97106e+02   -1.27506e+03    1.09345e-06



Received the TERM signal, stopping within 100 steps

           Step           Time
          47000        9.40000

Writing checkpoint, step 47000 at Thu Mar 31 18:45:14 2022


   Energies (kJ/mol)
           Bond            U-B    Proper Dih.  Improper Dih.      CMAP Dih.
    2.12114e+03    5.92452e+03    7.67378e+03    3.76538e+02   -3.26139e+02
          LJ-14     Coulomb-14        LJ (SR)   Coulomb (SR)   Coul. recip.
    2.32923e+03    3.92180e+04    3.66158e+04   -4.93998e+05    1.67078e+03
 Position Rest.      Potential    Kinetic En.   Total Energy  Conserved En.
    3.36298e+02   -3.98058e+05    7.72283e+04   -3.20829e+05   -3.73090e+05
    Temperature Pressure (bar)   Constr. rmsd
    2.96263e+02   -9.40246e+02    1.13473e-06


	<======  ###############  ==>
	<====  A V E R A G E S  ====>
	<==  ###############  ======>

	Statistics over 47001 steps using 471 frames

   Energies (kJ/mol)
           Bond            U-B    Proper Dih.  Improper Dih.      CMAP Dih.
    2.18250e+03    5.94967e+03    7.72397e+03    3.73797e+02   -3.52950e+02
          LJ-14     Coulomb-14        LJ (SR)   Coulomb (SR)   Coul. recip.
    2.32996e+03    3.92366e+04    3.53844e+04   -4.92421e+05    1.69590e+03
 Position Rest.      Potential    Kinetic En.   Total Energy  Conserved En.
    3.63444e+02   -3.97533e+05    7.77360e+04   -3.19797e+05   -3.73066e+05
    Temperature Pressure (bar)   Constr. rmsd
    2.98210e+02   -1.23368e+03    0.00000e+00

   Total Virial (kJ/mol)
    3.79224e+04    8.30913e+01    2.42928e+02
    9.22288e+01    3.85055e+04   -1.72808e+02
    2.59621e+02   -1.67797e+02    3.79176e+04

   Pressure (bar)
   -1.20950e+03   -9.97753e+00   -3.02815e+01
   -1.09013e+01   -1.27462e+03    2.09486e+01
   -3.19691e+01    2.04420e+01   -1.21694e+03

      T-Protein  T-non-Protein
    2.97961e+02    2.98242e+02


	M E G A - F L O P S   A C C O U N T I N G

 NB=Group-cutoff nonbonded kernels    NxN=N-by-N cluster Verlet kernels
 RF=Reaction-Field  VdW=Van der Waals  QSTab=quadratic-spline table
 W3=SPC/TIP3p  W4=TIP4p (single or pairs)
 V&F=Potential and force  V=Potential only  F=Force only

 Computing:                               M-Number         M-Flops  % Flops
-----------------------------------------------------------------------------
 Pair Search distance check            1448.038320       13032.345     0.0
 NxN Ewald Elec. + LJ [F]           1406751.667200   109726630.042    98.0
 NxN Ewald Elec. + LJ [V&F]           14239.819648     1836936.735     1.6
 1,4 nonbonded interactions             347.149386       31243.445     0.0
 Shift-X                                 14.425788          86.555     0.0
 Bonds                                   68.245452        4026.482     0.0
 Propers                                341.133258       78119.516     0.1
 Impropers                               22.560480        4692.580     0.0
 Pos. Restr.                             66.741420        3337.071     0.0
 Virial                                  14.446983         260.046     0.0
 Stop-CM                                 14.456416         144.564     0.0
 Calc-Ekin                              144.012856        3888.347     0.0
 Lincs                                   65.522182        3931.331     0.0
 Lincs-Mat                              337.293528        1349.174     0.0
 Constraint-V                          1436.757136       11494.057     0.0
 Constraint-Vir                          13.740954         329.783     0.0
 Settle                                 435.247780      140585.033     0.1
 CMAP                                     7.896168       13423.486     0.0
 Urey-Bradley                           241.115130       44124.069     0.0
-----------------------------------------------------------------------------
 Total                                               111917634.658   100.0
-----------------------------------------------------------------------------


     R E A L   C Y C L E   A N D   T I M E   A C C O U N T I N G

On 1 MPI rank

 Computing:          Num   Num      Call    Wall time         Giga-Cycles
                     Ranks Threads  Count      (s)         total sum    %
-----------------------------------------------------------------------------
 Neighbor search        1    1        471       6.237         13.722   9.5
 Launch GPU ops.        1    1      47001       3.899          8.578   5.9
 Force                  1    1      47001      24.642         54.213  37.5
 Wait PME GPU gather    1    1      47001       1.229          2.704   1.9
 Reduce GPU PME F       1    1      47001       1.994          4.387   3.0
 Wait GPU NB local                              1.145          2.519   1.7
 NB X/F buffer ops.     1    1      93531       5.839         12.846   8.9
 Write traj.            1    1          2       0.110          0.242   0.2
 Update                 1    1      47001       4.784         10.525   7.3
 Constraints            1    1      47003      13.129         28.883  20.0
 Rest                                           2.646          5.821   4.0
-----------------------------------------------------------------------------
 Total                                         65.655        144.440 100.0
-----------------------------------------------------------------------------

               Core t (s)   Wall t (s)        (%)
       Time:       65.647       65.655      100.0
                 (ns/day)    (hour/ns)
Performance:       12.370        1.940
Finished mdrun on rank 0 Thu Mar 31 18:45:14 2022

