                      :-) GROMACS - gmx mdrun, 2019.4 (-:

                            GROMACS is written by:
     Emile Apol      Rossen Apostolov      Paul Bauer     Herman J.C. Berendsen
    Par Bjelkmar      Christian Blau   Viacheslav Bolnykh     Kevin Boyd    
 Aldert van Buuren   Rudi van Drunen     Anton Feenstra       Alan Gray     
  Gerrit Groenhof     Anca Hamuraru    Vincent Hindriksen  M. Eric Irrgang  
  Aleksei Iupinov   Christoph Junghans     Joe Jordan     Dimitrios Karkoulis
    Peter Kasson        Jiri Kraus      Carsten Kutzner      Per Larsson    
  Justin A. Lemkul    Viveca Lindahl    Magnus Lundborg     Erik Marklund   
    Pascal Merz     Pieter Meulenhoff    Teemu Murtola       Szilard Pall   
    Sander Pronk      Roland Schulz      Michael Shirts    Alexey Shvetsov  
   Alfons Sijbers     Peter Tieleman      Jon Vincent      Teemu Virolainen 
 Christian Wennberg    Maarten Wolf   
                           and the project leaders:
        Mark Abraham, Berk Hess, Erik Lindahl, and David van der Spoel

Copyright (c) 1991-2000, University of Groningen, The Netherlands.
Copyright (c) 2001-2018, The GROMACS development team at
Uppsala University, Stockholm University and
the Royal Institute of Technology, Sweden.
check out http://www.gromacs.org for more information.

GROMACS is free software; you can redistribute it and/or modify it
under the terms of the GNU Lesser General Public License
as published by the Free Software Foundation; either version 2.1
of the License, or (at your option) any later version.

GROMACS:      gmx mdrun, version 2019.4
Executable:   /home/groups/ZuckermanLab/russojd/gmx_mp_all/bin/gmx_mpi
Data prefix:  /home/groups/ZuckermanLab/russojd/gmx_mp_all
Working dir:  /home/groups/ZuckermanLab/santossh/lc8-allostery-study/gromacs/trial-run-7D35/charmm2
Process ID:   212113
Command line:
  gmx mdrun -deffnm em -s 7D35_em.tpr -v

GROMACS version:    2019.4
Precision:          single
Memory model:       64 bit
MPI library:        MPI
OpenMP support:     enabled (GMX_OPENMP_MAX_THREADS = 64)
GPU support:        CUDA
SIMD instructions:  AVX_256
FFT library:        fftw-3.3.8-sse2-avx-avx2-avx2_128
RDTSCP usage:       enabled
TNG support:        enabled
Hwloc support:      disabled
Tracing support:    disabled
C compiler:         /usr/lib64/openmpi/bin/mpicc GNU 4.8.5
C compiler flags:    -mavx     -O3 -DNDEBUG -funroll-all-loops -fexcess-precision=fast  
C++ compiler:       /usr/lib64/openmpi/bin/mpic++ GNU 4.8.5
C++ compiler flags:  -mavx    -std=c++11   -O3 -DNDEBUG -funroll-all-loops -fexcess-precision=fast  
CUDA compiler:      /home/users/russojd/zl/russojd/cuda-10.0/bin/nvcc nvcc: NVIDIA (R) Cuda compiler driver;Copyright (c) 2005-2018 NVIDIA Corporation;Built on Sat_Aug_25_21:08:01_CDT_2018;Cuda compilation tools, release 10.0, V10.0.130
CUDA compiler flags:-gencode;arch=compute_30,code=sm_30;-gencode;arch=compute_35,code=sm_35;-gencode;arch=compute_37,code=sm_37;-gencode;arch=compute_50,code=sm_50;-gencode;arch=compute_52,code=sm_52;-gencode;arch=compute_60,code=sm_60;-gencode;arch=compute_61,code=sm_61;-gencode;arch=compute_70,code=sm_70;-gencode;arch=compute_75,code=compute_75;-use_fast_math;;; ;-mavx;-std=c++11;-O3;-DNDEBUG;-funroll-all-loops;-fexcess-precision=fast;
CUDA driver:        11.0
CUDA runtime:       N/A

NOTE: Detection of GPUs failed. The API reported:
      no CUDA-capable device is detected
      GROMACS cannot run tasks on a GPU.

Running on 1 node with total 28 cores, 28 logical cores, 0 compatible GPUs
Hardware detected on host exanode-8-13 (the node of MPI rank 0):
  CPU info:
    Vendor: Intel
    Brand:  Intel(R) Xeon(R) Gold 6132 CPU @ 2.60GHz
    Family: 6   Model: 85   Stepping: 4
    Features: aes apic avx avx2 avx512f avx512cd avx512bw avx512vl clfsh cmov cx8 cx16 f16c fma hle htt intel lahf mmx msr nonstop_tsc pcid pclmuldq pdcm pdpe1gb popcnt pse rdrnd rdtscp rtm sse2 sse3 sse4.1 sse4.2 ssse3 tdt x2apic
    Number of AVX-512 FMA units: Cannot run AVX-512 detection - assuming 2
  Hardware topology: Only logical processor count

Highest SIMD level requested by all nodes in run: AVX_512
SIMD instructions selected at compile time:       AVX_256
This program was compiled for different hardware than you are running on,
which could influence performance.

++++ PLEASE READ AND CITE THE FOLLOWING REFERENCE ++++
M. J. Abraham, T. Murtola, R. Schulz, S. Páll, J. C. Smith, B. Hess, E.
Lindahl
GROMACS: High performance molecular simulations through multi-level
parallelism from laptops to supercomputers
SoftwareX 1 (2015) pp. 19-25
-------- -------- --- Thank You --- -------- --------


++++ PLEASE READ AND CITE THE FOLLOWING REFERENCE ++++
S. Páll, M. J. Abraham, C. Kutzner, B. Hess, E. Lindahl
Tackling Exascale Software Challenges in Molecular Dynamics Simulations with
GROMACS
In S. Markidis & E. Laure (Eds.), Solving Software Challenges for Exascale 8759 (2015) pp. 3-27
-------- -------- --- Thank You --- -------- --------


++++ PLEASE READ AND CITE THE FOLLOWING REFERENCE ++++
S. Pronk, S. Páll, R. Schulz, P. Larsson, P. Bjelkmar, R. Apostolov, M. R.
Shirts, J. C. Smith, P. M. Kasson, D. van der Spoel, B. Hess, and E. Lindahl
GROMACS 4.5: a high-throughput and highly parallel open source molecular
simulation toolkit
Bioinformatics 29 (2013) pp. 845-54
-------- -------- --- Thank You --- -------- --------


++++ PLEASE READ AND CITE THE FOLLOWING REFERENCE ++++
B. Hess and C. Kutzner and D. van der Spoel and E. Lindahl
GROMACS 4: Algorithms for highly efficient, load-balanced, and scalable
molecular simulation
J. Chem. Theory Comput. 4 (2008) pp. 435-447
-------- -------- --- Thank You --- -------- --------


++++ PLEASE READ AND CITE THE FOLLOWING REFERENCE ++++
D. van der Spoel, E. Lindahl, B. Hess, G. Groenhof, A. E. Mark and H. J. C.
Berendsen
GROMACS: Fast, Flexible and Free
J. Comp. Chem. 26 (2005) pp. 1701-1719
-------- -------- --- Thank You --- -------- --------


++++ PLEASE READ AND CITE THE FOLLOWING REFERENCE ++++
E. Lindahl and B. Hess and D. van der Spoel
GROMACS 3.0: A package for molecular simulation and trajectory analysis
J. Mol. Mod. 7 (2001) pp. 306-317
-------- -------- --- Thank You --- -------- --------


++++ PLEASE READ AND CITE THE FOLLOWING REFERENCE ++++
H. J. C. Berendsen, D. van der Spoel and R. van Drunen
GROMACS: A message-passing parallel molecular dynamics implementation
Comp. Phys. Comm. 91 (1995) pp. 43-56
-------- -------- --- Thank You --- -------- --------


++++ PLEASE CITE THE DOI FOR THIS VERSION OF GROMACS ++++
https://doi.org/10.5281/zenodo.3460414
-------- -------- --- Thank You --- -------- --------

Input Parameters:
   integrator                     = steep
   tinit                          = 0
   dt                             = 0.001
   nsteps                         = 50000
   init-step                      = 0
   simulation-part                = 1
   comm-mode                      = Linear
   nstcomm                        = 100
   bd-fric                        = 0
   ld-seed                        = -494699023
   emtol                          = 1000
   emstep                         = 0.01
   niter                          = 20
   fcstep                         = 0
   nstcgsteep                     = 1000
   nbfgscorr                      = 10
   rtpi                           = 0.05
   nstxout                        = 0
   nstvout                        = 0
   nstfout                        = 0
   nstlog                         = 1000
   nstcalcenergy                  = 100
   nstenergy                      = 1000
   nstxout-compressed             = 0
   compressed-x-precision         = 1000
   cutoff-scheme                  = Verlet
   nstlist                        = 1
   ns-type                        = Grid
   pbc                            = xyz
   periodic-molecules             = false
   verlet-buffer-tolerance        = 0.005
   rlist                          = 1
   coulombtype                    = PME
   coulomb-modifier               = Potential-shift
   rcoulomb-switch                = 0
   rcoulomb                       = 1
   epsilon-r                      = 1
   epsilon-rf                     = inf
   vdw-type                       = Cut-off
   vdw-modifier                   = Potential-shift
   rvdw-switch                    = 0
   rvdw                           = 1
   DispCorr                       = No
   table-extension                = 1
   fourierspacing                 = 0.12
   fourier-nx                     = 52
   fourier-ny                     = 52
   fourier-nz                     = 52
   pme-order                      = 4
   ewald-rtol                     = 1e-05
   ewald-rtol-lj                  = 0.001
   lj-pme-comb-rule               = Geometric
   ewald-geometry                 = 0
   epsilon-surface                = 0
   tcoupl                         = No
   nsttcouple                     = -1
   nh-chain-length                = 0
   print-nose-hoover-chain-variables = false
   pcoupl                         = No
   pcoupltype                     = Isotropic
   nstpcouple                     = -1
   tau-p                          = 1
   compressibility (3x3):
      compressibility[    0]={ 0.00000e+00,  0.00000e+00,  0.00000e+00}
      compressibility[    1]={ 0.00000e+00,  0.00000e+00,  0.00000e+00}
      compressibility[    2]={ 0.00000e+00,  0.00000e+00,  0.00000e+00}
   ref-p (3x3):
      ref-p[    0]={ 0.00000e+00,  0.00000e+00,  0.00000e+00}
      ref-p[    1]={ 0.00000e+00,  0.00000e+00,  0.00000e+00}
      ref-p[    2]={ 0.00000e+00,  0.00000e+00,  0.00000e+00}
   refcoord-scaling               = No
   posres-com (3):
      posres-com[0]= 0.00000e+00
      posres-com[1]= 0.00000e+00
      posres-com[2]= 0.00000e+00
   posres-comB (3):
      posres-comB[0]= 0.00000e+00
      posres-comB[1]= 0.00000e+00
      posres-comB[2]= 0.00000e+00
   QMMM                           = false
   QMconstraints                  = 0
   QMMMscheme                     = 0
   MMChargeScaleFactor            = 1
qm-opts:
   ngQM                           = 0
   constraint-algorithm           = Lincs
   continuation                   = false
   Shake-SOR                      = false
   shake-tol                      = 0.0001
   lincs-order                    = 4
   lincs-iter                     = 1
   lincs-warnangle                = 30
   nwall                          = 0
   wall-type                      = 9-3
   wall-r-linpot                  = -1
   wall-atomtype[0]               = -1
   wall-atomtype[1]               = -1
   wall-density[0]                = 0
   wall-density[1]                = 0
   wall-ewald-zfac                = 3
   pull                           = false
   awh                            = false
   rotation                       = false
   interactiveMD                  = false
   disre                          = No
   disre-weighting                = Conservative
   disre-mixed                    = false
   dr-fc                          = 1000
   dr-tau                         = 0
   nstdisreout                    = 100
   orire-fc                       = 0
   orire-tau                      = 0
   nstorireout                    = 100
   free-energy                    = no
   cos-acceleration               = 0
   deform (3x3):
      deform[    0]={ 0.00000e+00,  0.00000e+00,  0.00000e+00}
      deform[    1]={ 0.00000e+00,  0.00000e+00,  0.00000e+00}
      deform[    2]={ 0.00000e+00,  0.00000e+00,  0.00000e+00}
   simulated-tempering            = false
   swapcoords                     = no
   userint1                       = 0
   userint2                       = 0
   userint3                       = 0
   userint4                       = 0
   userreal1                      = 0
   userreal2                      = 0
   userreal3                      = 0
   userreal4                      = 0
   applied-forces:
     electric-field:
       x:
         E0                       = 0
         omega                    = 0
         t0                       = 0
         sigma                    = 0
       y:
         E0                       = 0
         omega                    = 0
         t0                       = 0
         sigma                    = 0
       z:
         E0                       = 0
         omega                    = 0
         t0                       = 0
         sigma                    = 0
grpopts:
   nrdf:        4821
   ref-t:           0
   tau-t:           0
annealing:          No
annealing-npoints:           0
   acc:	           0           0           0
   nfreeze:           N           N           N
   energygrp-flags[  0]: 0


Using 1 MPI process
Using 28 OpenMP threads 


Non-default thread affinity set probably by the OpenMP library,
disabling internal thread affinity
System total charge: -0.000
Will do PME sum in reciprocal space for electrostatic interactions.

++++ PLEASE READ AND CITE THE FOLLOWING REFERENCE ++++
U. Essmann, L. Perera, M. L. Berkowitz, T. Darden, H. Lee and L. G. Pedersen 
A smooth particle mesh Ewald method
J. Chem. Phys. 103 (1995) pp. 8577-8592
-------- -------- --- Thank You --- -------- --------

Using a Gaussian width (1/beta) of 0.320163 nm for Ewald
Potential shift: LJ r^-12: -1.000e+00 r^-6: -1.000e+00, Ewald -1.000e-05
Initialized non-bonded Ewald correction tables, spacing: 9.33e-04 size: 1073

Generated table with 1000 data points for 1-4 COUL.
Tabscale = 500 points/nm
Generated table with 1000 data points for 1-4 LJ6.
Tabscale = 500 points/nm
Generated table with 1000 data points for 1-4 LJ12.
Tabscale = 500 points/nm

Using SIMD 4x4 nonbonded short-range kernels

Using a 4x4 pair-list setup:
  updated every 1 steps, buffer 0.000 nm, rlist 1.000 nm

Using geometric Lennard-Jones combination rule

Removing pbc first time

Note that activating steepest-descent energy minimization via the integrator .mdp option and the command gmx mdrun may be available in a different form in a future version of GROMACS, e.g. gmx minimize and an .mdp option.
Initiating Steepest Descents
Started Steepest Descents on rank 0 Fri Feb  4 15:52:01 2022


Steepest Descents:
   Tolerance (Fmax)   =  1.00000e+03
   Number of steps    =        50000
           Step           Time
              0        0.00000

   Energies (kJ/mol)
           Bond          Angle    Proper Dih. Ryckaert-Bell.          LJ-14
    7.36524e+03    6.15382e+02    6.84929e+00    1.51232e+03    2.98793e+03
     Coulomb-14        LJ (SR)   Coulomb (SR)   Coul. recip.      Potential
    1.10178e+04   -2.16506e+03   -4.10393e+04    9.92612e+03   -9.77278e+03
 Pressure (bar)
    0.00000e+00

           Step           Time
              1        1.00000

   Energies (kJ/mol)
           Bond          Angle    Proper Dih. Ryckaert-Bell.          LJ-14
    2.20857e+03    8.38997e+02    1.04174e+01    1.52295e+03    2.88504e+03
     Coulomb-14        LJ (SR)   Coulomb (SR)   Coul. recip.      Potential
    1.10148e+04   -2.32580e+03   -4.11275e+04    9.88364e+03   -1.50889e+04
 Pressure (bar)
    0.00000e+00

           Step           Time
              2        2.00000

   Energies (kJ/mol)
           Bond          Angle    Proper Dih. Ryckaert-Bell.          LJ-14
    5.98875e+02    7.55250e+02    3.05394e+01    1.48099e+03    2.74294e+03
     Coulomb-14        LJ (SR)   Coulomb (SR)   Coul. recip.      Potential
    1.10104e+04   -2.40031e+03   -4.11405e+04    9.83119e+03   -1.70906e+04
 Pressure (bar)
    0.00000e+00

           Step           Time
              3        3.00000

   Energies (kJ/mol)
           Bond          Angle    Proper Dih. Ryckaert-Bell.          LJ-14
    4.95902e+02    6.46967e+02    3.28338e+01    1.45788e+03    2.65709e+03
     Coulomb-14        LJ (SR)   Coulomb (SR)   Coul. recip.      Potential
    1.10108e+04   -2.46725e+03   -4.12266e+04    9.80304e+03   -1.75893e+04
 Pressure (bar)
    0.00000e+00

           Step           Time
              4        4.00000

   Energies (kJ/mol)
           Bond          Angle    Proper Dih. Ryckaert-Bell.          LJ-14
    3.89742e+02    5.80404e+02    3.52582e+01    1.45717e+03    2.63704e+03
     Coulomb-14        LJ (SR)   Coulomb (SR)   Coul. recip.      Potential
    1.10218e+04   -2.48838e+03   -4.11925e+04    9.78768e+03   -1.77718e+04
 Pressure (bar)
    0.00000e+00

           Step           Time
              5        5.00000

   Energies (kJ/mol)
           Bond          Angle    Proper Dih. Ryckaert-Bell.          LJ-14
    4.09713e+02    5.97882e+02    3.61951e+01    1.44487e+03    2.57617e+03
     Coulomb-14        LJ (SR)   Coulomb (SR)   Coul. recip.      Potential
    1.10134e+04   -2.53246e+03   -4.12607e+04    9.77181e+03   -1.79432e+04
 Pressure (bar)
    0.00000e+00

           Step           Time
              6        6.00000

   Energies (kJ/mol)
           Bond          Angle    Proper Dih. Ryckaert-Bell.          LJ-14
    4.32429e+02    5.67703e+02    3.90749e+01    1.44510e+03    2.56971e+03
     Coulomb-14        LJ (SR)   Coulomb (SR)   Coul. recip.      Potential
    1.10267e+04   -2.55441e+03   -4.12328e+04    9.75431e+03   -1.79522e+04
 Pressure (bar)
    0.00000e+00

           Step           Time
              7        7.00000

   Energies (kJ/mol)
           Bond          Angle    Proper Dih. Ryckaert-Bell.          LJ-14
    4.97091e+02    5.92910e+02    3.86114e+01    1.43574e+03    2.51863e+03
     Coulomb-14        LJ (SR)   Coulomb (SR)   Coul. recip.      Potential
    1.10146e+04   -2.59219e+03   -4.12900e+04    9.74492e+03   -1.80397e+04
 Pressure (bar)
    0.00000e+00

           Step           Time
              8        8.00000

           Step           Time
              9        9.00000

   Energies (kJ/mol)
           Bond          Angle    Proper Dih. Ryckaert-Bell.          LJ-14
    1.18583e+02    5.29969e+02    3.98632e+01    1.43627e+03    2.51755e+03
     Coulomb-14        LJ (SR)   Coulomb (SR)   Coul. recip.      Potential
    1.10224e+04   -2.60273e+03   -4.12772e+04    9.73391e+03   -1.84814e+04
 Pressure (bar)
    0.00000e+00

           Step           Time
             10       10.00000

           Step           Time
             11       11.00000

   Energies (kJ/mol)
           Bond          Angle    Proper Dih. Ryckaert-Bell.          LJ-14
    1.75125e+02    5.37167e+02    4.08538e+01    1.43048e+03    2.47328e+03
     Coulomb-14        LJ (SR)   Coulomb (SR)   Coul. recip.      Potential
    1.10209e+04   -2.65092e+03   -4.13024e+04    9.71174e+03   -1.85638e+04
 Pressure (bar)
    0.00000e+00

           Step           Time
             12       12.00000

   Energies (kJ/mol)
           Bond          Angle    Proper Dih. Ryckaert-Bell.          LJ-14
    1.28729e+02    5.29596e+02    4.19135e+01    1.42880e+03    2.46310e+03
     Coulomb-14        LJ (SR)   Coulomb (SR)   Coul. recip.      Potential
    1.10255e+04   -2.66667e+03   -4.13117e+04    9.69884e+03   -1.86619e+04
 Pressure (bar)
    0.00000e+00

           Step           Time
             13       13.00000

           Step           Time
             14       14.00000

   Energies (kJ/mol)
           Bond          Angle    Proper Dih. Ryckaert-Bell.          LJ-14
    1.03090e+02    5.29907e+02    4.18166e+01    1.42745e+03    2.44951e+03
     Coulomb-14        LJ (SR)   Coulomb (SR)   Coul. recip.      Potential
    1.10239e+04   -2.68239e+03   -4.13187e+04    9.69279e+03   -1.87327e+04
 Pressure (bar)
    0.00000e+00

           Step           Time
             15       15.00000

   Energies (kJ/mol)
           Bond          Angle    Proper Dih. Ryckaert-Bell.          LJ-14
    1.51950e+02    5.36094e+02    4.31325e+01    1.42438e+03    2.42367e+03
     Coulomb-14        LJ (SR)   Coulomb (SR)   Coul. recip.      Potential
    1.10280e+04   -2.71637e+03   -4.13399e+04    9.66963e+03   -1.87794e+04
 Pressure (bar)
    0.00000e+00

           Step           Time
             16       16.00000

   Energies (kJ/mol)
           Bond          Angle    Proper Dih. Ryckaert-Bell.          LJ-14
    1.13269e+02    5.37024e+02    4.28041e+01    1.42345e+03    2.41092e+03
     Coulomb-14        LJ (SR)   Coulomb (SR)   Coul. recip.      Potential
    1.10256e+04   -2.73122e+03   -4.13455e+04    9.66458e+03   -1.88591e+04
 Pressure (bar)
    0.00000e+00

           Step           Time
             17       17.00000

           Step           Time
             18       18.00000

   Energies (kJ/mol)
           Bond          Angle    Proper Dih. Ryckaert-Bell.          LJ-14
    1.02139e+02    5.35994e+02    4.33788e+01    1.42246e+03    2.40199e+03
     Coulomb-14        LJ (SR)   Coulomb (SR)   Coul. recip.      Potential
    1.10280e+04   -2.74340e+03   -4.13545e+04    9.65429e+03   -1.89097e+04
 Pressure (bar)
    0.00000e+00

           Step           Time
             19       19.00000

   Energies (kJ/mol)
           Bond          Angle    Proper Dih. Ryckaert-Bell.          LJ-14
    1.25397e+02    5.44481e+02    4.34335e+01    1.42108e+03    2.38291e+03
     Coulomb-14        LJ (SR)   Coulomb (SR)   Coul. recip.      Potential
    1.10272e+04   -2.76681e+03   -4.13665e+04    9.64171e+03   -1.89471e+04
 Pressure (bar)
    0.00000e+00

           Step           Time
             20       20.00000

   Energies (kJ/mol)
           Bond          Angle    Proper Dih. Ryckaert-Bell.          LJ-14
    1.17959e+02    5.43682e+02    4.41318e+01    1.42015e+03    2.37446e+03
     Coulomb-14        LJ (SR)   Coulomb (SR)   Coul. recip.      Potential
    1.10304e+04   -2.77840e+03   -4.13770e+04    9.62999e+03   -1.89946e+04
 Pressure (bar)
    0.00000e+00

           Step           Time
             21       21.00000

   Energies (kJ/mol)
           Bond          Angle    Proper Dih. Ryckaert-Bell.          LJ-14
    1.50606e+02    5.53756e+02    4.39239e+01    1.41939e+03    2.35914e+03
     Coulomb-14        LJ (SR)   Coulomb (SR)   Coul. recip.      Potential
    1.10285e+04   -2.79654e+03   -4.13854e+04    9.62115e+03   -1.90054e+04
 Pressure (bar)
    0.00000e+00

           Step           Time
             22       22.00000

   Energies (kJ/mol)
           Bond          Angle    Proper Dih. Ryckaert-Bell.          LJ-14
    1.52522e+02    5.53123e+02    4.48106e+01    1.41851e+03    2.35157e+03
     Coulomb-14        LJ (SR)   Coulomb (SR)   Coul. recip.      Potential
    1.10328e+04   -2.80703e+03   -4.13973e+04    9.60789e+03   -1.90431e+04
 Pressure (bar)
    0.00000e+00

           Step           Time
             23       23.00000

           Step           Time
             24       24.00000

   Energies (kJ/mol)
           Bond          Angle    Proper Dih. Ryckaert-Bell.          LJ-14
    9.65362e+01    5.51260e+02    4.45233e+01    1.41829e+03    2.34443e+03
     Coulomb-14        LJ (SR)   Coulomb (SR)   Coul. recip.      Potential
    1.10312e+04   -2.81506e+03   -4.13999e+04    9.60468e+03   -1.91241e+04
 Pressure (bar)
    0.00000e+00

           Step           Time
             25       25.00000

   Energies (kJ/mol)
           Bond          Angle    Proper Dih. Ryckaert-Bell.          LJ-14
    1.90009e+02    5.69137e+02    4.58365e+01    1.41642e+03    2.31188e+03
     Coulomb-14        LJ (SR)   Coulomb (SR)   Coul. recip.      Potential
    1.10364e+04   -2.85438e+03   -4.14332e+04    9.56788e+03   -1.91500e+04
 Pressure (bar)
    0.00000e+00

           Step           Time
             26       26.00000

   Energies (kJ/mol)
           Bond          Angle    Proper Dih. Ryckaert-Bell.          LJ-14
    1.08126e+02    5.66471e+02    4.53873e+01    1.41631e+03    2.30466e+03
     Coulomb-14        LJ (SR)   Coulomb (SR)   Coul. recip.      Potential
    1.10340e+04   -2.86211e+03   -4.14350e+04    9.56540e+03   -1.92567e+04
 Pressure (bar)
    0.00000e+00

           Step           Time
             27       27.00000

           Step           Time
             28       28.00000

   Energies (kJ/mol)
           Bond          Angle    Proper Dih. Ryckaert-Bell.          LJ-14
    1.18433e+02    5.68463e+02    4.58678e+01    1.41585e+03    2.29685e+03
     Coulomb-14        LJ (SR)   Coulomb (SR)   Coul. recip.      Potential
    1.10365e+04   -2.87144e+03   -4.14455e+04    9.55354e+03   -1.92814e+04
 Pressure (bar)
    0.00000e+00

           Step           Time
             29       29.00000

   Energies (kJ/mol)
           Bond          Angle    Proper Dih. Ryckaert-Bell.          LJ-14
    1.20829e+02    5.74058e+02    4.56640e+01    1.41568e+03    2.28786e+03
     Coulomb-14        LJ (SR)   Coulomb (SR)   Coul. recip.      Potential
    1.10352e+04   -2.88124e+03   -4.14510e+04    9.54714e+03   -1.93058e+04
 Pressure (bar)
    0.00000e+00

           Step           Time
             30       30.00000

   Energies (kJ/mol)
           Bond          Angle    Proper Dih. Ryckaert-Bell.          LJ-14
    1.41303e+02    5.76078e+02    4.62593e+01    1.41523e+03    2.28102e+03
     Coulomb-14        LJ (SR)   Coulomb (SR)   Coul. recip.      Potential
    1.10384e+04   -2.88940e+03   -4.14623e+04    9.53453e+03   -1.93188e+04
 Pressure (bar)
    0.00000e+00

           Step           Time
             31       31.00000

   Energies (kJ/mol)
           Bond          Angle    Proper Dih. Ryckaert-Bell.          LJ-14
    1.46596e+02    5.83077e+02    4.59045e+01    1.41518e+03    2.27213e+03
     Coulomb-14        LJ (SR)   Coulomb (SR)   Coul. recip.      Potential
    1.10362e+04   -2.89869e+03   -4.14665e+04    9.52947e+03   -1.93366e+04
 Pressure (bar)
    0.00000e+00

           Step           Time
             32       32.00000

           Step           Time
             33       33.00000

   Energies (kJ/mol)
           Bond          Angle    Proper Dih. Ryckaert-Bell.          LJ-14
    1.01469e+02    5.77672e+02    4.62505e+01    1.41494e+03    2.26912e+03
     Coulomb-14        LJ (SR)   Coulomb (SR)   Coul. recip.      Potential
    1.10383e+04   -2.90226e+03   -4.14724e+04    9.52246e+03   -1.94046e+04
 Pressure (bar)
    0.00000e+00

           Step           Time
             34       34.00000

   Energies (kJ/mol)
           Bond          Angle    Proper Dih. Ryckaert-Bell.          LJ-14
    1.69141e+02    5.98823e+02    4.65105e+01    1.41448e+03    2.23910e+03
     Coulomb-14        LJ (SR)   Coulomb (SR)   Coul. recip.      Potential
    1.10390e+04   -2.93379e+03   -4.15014e+04    9.48869e+03   -1.94395e+04
 Pressure (bar)
    0.00000e+00

           Step           Time
             35       35.00000

   Energies (kJ/mol)
           Bond          Angle    Proper Dih. Ryckaert-Bell.          LJ-14
    1.15317e+02    5.91724e+02    4.69431e+01    1.41416e+03    2.23632e+03
     Coulomb-14        LJ (SR)   Coulomb (SR)   Coul. recip.      Potential
    1.10418e+04   -2.93708e+03   -4.15089e+04    9.48002e+03   -1.95197e+04
 Pressure (bar)
    0.00000e+00

           Step           Time
             36       36.00000

           Step           Time
             37       37.00000

   Energies (kJ/mol)
           Bond          Angle    Proper Dih. Ryckaert-Bell.          LJ-14
    1.15757e+02    5.96163e+02    4.68175e+01    1.41417e+03    2.22963e+03
     Coulomb-14        LJ (SR)   Coulomb (SR)   Coul. recip.      Potential
    1.10409e+04   -2.94373e+03   -4.15141e+04    9.47369e+03   -1.95407e+04
 Pressure (bar)
    0.00000e+00

           Step           Time
             38       38.00000

   Energies (kJ/mol)
           Bond          Angle    Proper Dih. Ryckaert-Bell.          LJ-14
    1.28671e+02    5.97519e+02    4.71993e+01    1.41393e+03    2.22429e+03
     Coulomb-14        LJ (SR)   Coulomb (SR)   Coul. recip.      Potential
    1.10432e+04   -2.94945e+03   -4.15237e+04    9.46248e+03   -1.95558e+04
 Pressure (bar)
    0.00000e+00

           Step           Time
             39       39.00000

   Energies (kJ/mol)
           Bond          Angle    Proper Dih. Ryckaert-Bell.          LJ-14
    1.30569e+02    6.02992e+02    4.69741e+01    1.41399e+03    2.21763e+03
     Coulomb-14        LJ (SR)   Coulomb (SR)   Coul. recip.      Potential
    1.10416e+04   -2.95587e+03   -4.15280e+04    9.45710e+03   -1.95730e+04
 Pressure (bar)
    0.00000e+00

           Step           Time
             40       40.00000

   Energies (kJ/mol)
           Bond          Angle    Proper Dih. Ryckaert-Bell.          LJ-14
    1.54050e+02    6.04171e+02    4.74660e+01    1.41375e+03    2.21307e+03
     Coulomb-14        LJ (SR)   Coulomb (SR)   Coul. recip.      Potential
    1.10447e+04   -2.96080e+03   -4.15384e+04    9.44508e+03   -1.95769e+04
 Pressure (bar)
    0.00000e+00

           Step           Time
             41       41.00000

   Energies (kJ/mol)
           Bond          Angle    Proper Dih. Ryckaert-Bell.          LJ-14
    1.60779e+02    6.11490e+02    4.71035e+01    1.41388e+03    2.20623e+03
     Coulomb-14        LJ (SR)   Coulomb (SR)   Coul. recip.      Potential
    1.10422e+04   -2.96718e+03   -4.15416e+04    9.44098e+03   -1.95862e+04
 Pressure (bar)
    0.00000e+00

           Step           Time
             42       42.00000

           Step           Time
             43       43.00000

   Energies (kJ/mol)
           Bond          Angle    Proper Dih. Ryckaert-Bell.          LJ-14
    1.08406e+02    6.04670e+02    4.73962e+01    1.41373e+03    2.20425e+03
     Coulomb-14        LJ (SR)   Coulomb (SR)   Coul. recip.      Potential
    1.10442e+04   -2.96933e+03   -4.15472e+04    9.43416e+03   -1.96597e+04
 Pressure (bar)
    0.00000e+00

           Step           Time
             44       44.00000

   Energies (kJ/mol)
           Bond          Angle    Proper Dih. Ryckaert-Bell.          LJ-14
    1.89191e+02    6.25862e+02    4.74917e+01    1.41386e+03    2.18027e+03
     Coulomb-14        LJ (SR)   Coulomb (SR)   Coul. recip.      Potential
    1.10442e+04   -2.99193e+03   -4.15749e+04    9.40038e+03   -1.96656e+04
 Pressure (bar)
    0.00000e+00

           Step           Time
             45       45.00000

   Energies (kJ/mol)
           Bond          Angle    Proper Dih. Ryckaert-Bell.          LJ-14
    1.22567e+02    6.16648e+02    4.78645e+01    1.41362e+03    2.17853e+03
     Coulomb-14        LJ (SR)   Coulomb (SR)   Coul. recip.      Potential
    1.10470e+04   -2.99390e+03   -4.15819e+04    9.39188e+03   -1.97577e+04
 Pressure (bar)
    0.00000e+00

           Step           Time
             46       46.00000

           Step           Time
             47       47.00000

   Energies (kJ/mol)
           Bond          Angle    Proper Dih. Ryckaert-Bell.          LJ-14
    1.26331e+02    6.21453e+02    4.77217e+01    1.41373e+03    2.17307e+03
     Coulomb-14        LJ (SR)   Coulomb (SR)   Coul. recip.      Potential
    1.10459e+04   -2.99886e+03   -4.15868e+04    9.38563e+03   -1.97718e+04
 Pressure (bar)
    0.00000e+00

           Step           Time
             48       48.00000

   Energies (kJ/mol)
           Bond          Angle    Proper Dih. Ryckaert-Bell.          LJ-14
    1.36449e+02    6.21554e+02    4.80379e+01    1.41361e+03    2.16960e+03
     Coulomb-14        LJ (SR)   Coulomb (SR)   Coul. recip.      Potential
    1.10481e+04   -3.00234e+03   -4.15954e+04    9.37525e+03   -1.97851e+04
 Pressure (bar)
    0.00000e+00

           Step           Time
             49       49.00000

   Energies (kJ/mol)
           Bond          Angle    Proper Dih. Ryckaert-Bell.          LJ-14
    1.44412e+02    6.27771e+02    4.78062e+01    1.41376e+03    2.16412e+03
     Coulomb-14        LJ (SR)   Coulomb (SR)   Coul. recip.      Potential
    1.10463e+04   -3.00718e+03   -4.15995e+04    9.37007e+03   -1.97924e+04
 Pressure (bar)
    0.00000e+00

           Step           Time
             50       50.00000

   Energies (kJ/mol)
           Bond          Angle    Proper Dih. Ryckaert-Bell.          LJ-14
    1.63460e+02    6.27459e+02    4.82304e+01    1.41361e+03    2.16121e+03
     Coulomb-14        LJ (SR)   Coulomb (SR)   Coul. recip.      Potential
    1.10493e+04   -3.01017e+03   -4.16090e+04    9.35862e+03   -1.97972e+04
 Pressure (bar)
    0.00000e+00

           Step           Time
             51       51.00000

           Step           Time
             52       52.00000

   Energies (kJ/mol)
           Bond          Angle    Proper Dih. Ryckaert-Bell.          LJ-14
    1.13448e+02    6.25820e+02    4.80259e+01    1.41371e+03    2.15823e+03
     Coulomb-14        LJ (SR)   Coulomb (SR)   Coul. recip.      Potential
    1.10479e+04   -3.01270e+03   -4.16102e+04    9.35660e+03   -1.98592e+04
 Pressure (bar)
    0.00000e+00

           Step           Time
             53       53.00000

   Energies (kJ/mol)
           Bond          Angle    Proper Dih. Ryckaert-Bell.          LJ-14
    1.89328e+02    6.40318e+02    4.85885e+01    1.41394e+03    2.13711e+03
     Coulomb-14        LJ (SR)   Coulomb (SR)   Coul. recip.      Potential
    1.10517e+04   -3.03157e+03   -4.16470e+04    9.31079e+03   -1.98869e+04
 Pressure (bar)
    0.00000e+00

           Step           Time
             54       54.00000

   Energies (kJ/mol)
           Bond          Angle    Proper Dih. Ryckaert-Bell.          LJ-14
    1.23482e+02    6.38764e+02    4.83158e+01    1.41402e+03    2.13383e+03
     Coulomb-14        LJ (SR)   Coulomb (SR)   Coul. recip.      Potential
    1.10496e+04   -3.03428e+03   -4.16481e+04    9.30906e+03   -1.99653e+04
 Pressure (bar)
    0.00000e+00

           Step           Time
             55       55.00000

           Step           Time
             56       56.00000

   Energies (kJ/mol)
           Bond          Angle    Proper Dih. Ryckaert-Bell.          LJ-14
    1.34213e+02    6.39472e+02    4.85294e+01    1.41401e+03    2.13057e+03
     Coulomb-14        LJ (SR)   Coulomb (SR)   Coul. recip.      Potential
    1.10513e+04   -3.03730e+03   -4.16564e+04    9.29862e+03   -1.99770e+04
 Pressure (bar)
    0.00000e+00

           Step           Time
             57       57.00000

   Energies (kJ/mol)
           Bond          Angle    Proper Dih. Ryckaert-Bell.          LJ-14
    1.33202e+02    6.43580e+02    4.83726e+01    1.41414e+03    2.12662e+03
     Coulomb-14        LJ (SR)   Coulomb (SR)   Coul. recip.      Potential
    1.10499e+04   -3.04065e+03   -4.16604e+04    9.29348e+03   -1.99917e+04
 Pressure (bar)
    0.00000e+00

           Step           Time
             58       58.00000

   Energies (kJ/mol)
           Bond          Angle    Proper Dih. Ryckaert-Bell.          LJ-14
    1.50401e+02    6.43832e+02    4.86555e+01    1.41409e+03    2.12392e+03
     Coulomb-14        LJ (SR)   Coulomb (SR)   Coul. recip.      Potential
    1.10521e+04   -3.04319e+03   -4.16692e+04    9.28253e+03   -1.99968e+04
 Pressure (bar)
    0.00000e+00

           Step           Time
             59       59.00000

   Energies (kJ/mol)
           Bond          Angle    Proper Dih. Ryckaert-Bell.          LJ-14
    1.52888e+02    6.49478e+02    4.84183e+01    1.41428e+03    2.11973e+03
     Coulomb-14        LJ (SR)   Coulomb (SR)   Coul. recip.      Potential
    1.10501e+04   -3.04664e+03   -4.16724e+04    9.27822e+03   -2.00059e+04
 Pressure (bar)
    0.00000e+00

           Step           Time
             60       60.00000

           Step           Time
             61       61.00000

   Energies (kJ/mol)
           Bond          Angle    Proper Dih. Ryckaert-Bell.          LJ-14
    1.20675e+02    6.44723e+02    4.85934e+01    1.41422e+03    2.11857e+03
     Coulomb-14        LJ (SR)   Coulomb (SR)   Coul. recip.      Potential
    1.10516e+04   -3.04774e+03   -4.16771e+04    9.27214e+03   -2.00543e+04
 Pressure (bar)
    0.00000e+00

           Step           Time
             62       62.00000

   Energies (kJ/mol)
           Bond          Angle    Proper Dih. Ryckaert-Bell.          LJ-14
    1.73723e+02    6.59929e+02    4.85992e+01    1.41471e+03    2.10330e+03
     Coulomb-14        LJ (SR)   Coulomb (SR)   Coul. recip.      Potential
    1.10513e+04   -3.06041e+03   -4.17036e+04    9.23841e+03   -2.00741e+04
 Pressure (bar)
    0.00000e+00

           Step           Time
             63       63.00000

   Energies (kJ/mol)
           Bond          Angle    Proper Dih. Ryckaert-Bell.          LJ-14
    1.29739e+02    6.53151e+02    4.88282e+01    1.41458e+03    2.10229e+03
     Coulomb-14        LJ (SR)   Coulomb (SR)   Coul. recip.      Potential
    1.10533e+04   -3.06143e+03   -4.17095e+04    9.23082e+03   -2.01382e+04
 Pressure (bar)
    0.00000e+00

           Step           Time
             64       64.00000

           Step           Time
             65       65.00000

   Energies (kJ/mol)
           Bond          Angle    Proper Dih. Ryckaert-Bell.          LJ-14
    1.33682e+02    6.57142e+02    4.87304e+01    1.41474e+03    2.09863e+03
     Coulomb-14        LJ (SR)   Coulomb (SR)   Coul. recip.      Potential
    1.10524e+04   -3.06440e+03   -4.17149e+04    9.22386e+03   -2.01501e+04
 Pressure (bar)
    0.00000e+00

           Step           Time
             66       66.00000

   Energies (kJ/mol)
           Bond          Angle    Proper Dih. Ryckaert-Bell.          LJ-14
    1.38188e+02    6.56520e+02    4.89175e+01    1.41471e+03    2.09664e+03
     Coulomb-14        LJ (SR)   Coulomb (SR)   Coul. recip.      Potential
    1.10540e+04   -3.06618e+03   -4.17222e+04    9.21461e+03   -2.01648e+04
 Pressure (bar)
    0.00000e+00

           Step           Time
             67       67.00000

   Energies (kJ/mol)
           Bond          Angle    Proper Dih. Ryckaert-Bell.          LJ-14
    1.46209e+02    6.61723e+02    4.87663e+01    1.41490e+03    2.09297e+03
     Coulomb-14        LJ (SR)   Coulomb (SR)   Coul. recip.      Potential
    1.10526e+04   -3.06908e+03   -4.17270e+04    9.20856e+03   -2.01703e+04
 Pressure (bar)
    0.00000e+00

           Step           Time
             68       68.00000

   Energies (kJ/mol)
           Bond          Angle    Proper Dih. Ryckaert-Bell.          LJ-14
    1.54591e+02    6.60439e+02    4.90214e+01    1.41483e+03    2.09129e+03
     Coulomb-14        LJ (SR)   Coulomb (SR)   Coul. recip.      Potential
    1.10548e+04   -3.07062e+03   -4.17351e+04    9.19829e+03   -2.01825e+04
 Pressure (bar)
    0.00000e+00

           Step           Time
             69       69.00000

           Step           Time
             70       70.00000

   Energies (kJ/mol)
           Bond          Angle    Proper Dih. Ryckaert-Bell.          LJ-14
    1.25306e+02    6.60262e+02    4.88932e+01    1.41495e+03    2.08931e+03
     Coulomb-14        LJ (SR)   Coulomb (SR)   Coul. recip.      Potential
    1.10537e+04   -3.07213e+03   -4.17369e+04    9.19579e+03   -2.02208e+04
 Pressure (bar)
    0.00000e+00

           Step           Time
             71       71.00000

   Energies (kJ/mol)
           Bond          Angle    Proper Dih. Ryckaert-Bell.          LJ-14
    1.70053e+02    6.67229e+02    4.91618e+01    1.41518e+03    2.08020e+03
     Coulomb-14        LJ (SR)   Coulomb (SR)   Coul. recip.      Potential
    1.10560e+04   -3.07942e+03   -4.17618e+04    9.16438e+03   -2.02391e+04
 Pressure (bar)
    0.00000e+00

           Step           Time
             72       72.00000

   Energies (kJ/mol)
           Bond          Angle    Proper Dih. Ryckaert-Bell.          LJ-14
    1.32163e+02    6.67342e+02    4.89856e+01    1.41532e+03    2.07790e+03
     Coulomb-14        LJ (SR)   Coulomb (SR)   Coul. recip.      Potential
    1.10544e+04   -3.08112e+03   -4.17637e+04    9.16185e+03   -2.02869e+04
 Pressure (bar)
    0.00000e+00

           Step           Time
             73       73.00000

           Step           Time
             74       74.00000

   Energies (kJ/mol)
           Bond          Angle    Proper Dih. Ryckaert-Bell.          LJ-14
    1.36626e+02    6.67236e+02    4.91189e+01    1.41533e+03    2.07599e+03
     Coulomb-14        LJ (SR)   Coulomb (SR)   Coul. recip.      Potential
    1.10556e+04   -3.08268e+03   -4.17710e+04    9.15271e+03   -2.03010e+04
 Pressure (bar)
    0.00000e+00

           Step           Time
             75       75.00000

   Energies (kJ/mol)
           Bond          Angle    Proper Dih. Ryckaert-Bell.          LJ-14
    1.39292e+02    6.70967e+02    4.90171e+01    1.41548e+03    2.07303e+03
     Coulomb-14        LJ (SR)   Coulomb (SR)   Coul. recip.      Potential
    1.10546e+04   -3.08489e+03   -4.17761e+04    9.14623e+03   -2.03124e+04
 Pressure (bar)
    0.00000e+00

           Step           Time
             76       76.00000

   Energies (kJ/mol)
           Bond          Angle    Proper Dih. Ryckaert-Bell.          LJ-14
    1.46319e+02    6.70319e+02    4.91950e+01    1.41546e+03    2.07139e+03
     Coulomb-14        LJ (SR)   Coulomb (SR)   Coul. recip.      Potential
    1.10562e+04   -3.08624e+03   -4.17840e+04    9.13643e+03   -2.03249e+04
 Pressure (bar)
    0.00000e+00

           Step           Time
             77       77.00000

   Energies (kJ/mol)
           Bond          Angle    Proper Dih. Ryckaert-Bell.          LJ-14
    1.53151e+02    6.75383e+02    4.90398e+01    1.41566e+03    2.06832e+03
     Coulomb-14        LJ (SR)   Coulomb (SR)   Coul. recip.      Potential
    1.10547e+04   -3.08846e+03   -4.17886e+04    9.13074e+03   -2.03301e+04
 Pressure (bar)
    0.00000e+00

           Step           Time
             78       78.00000

   Energies (kJ/mol)
           Bond          Angle    Proper Dih. Ryckaert-Bell.          LJ-14
    1.65261e+02    6.74123e+02    4.92862e+01    1.41558e+03    2.06701e+03
     Coulomb-14        LJ (SR)   Coulomb (SR)   Coul. recip.      Potential
    1.10570e+04   -3.08955e+03   -4.17973e+04    9.11994e+03   -2.03387e+04
 Pressure (bar)
    0.00000e+00

           Step           Time
             79       79.00000

           Step           Time
             80       80.00000

   Energies (kJ/mol)
           Bond          Angle    Proper Dih. Ryckaert-Bell.          LJ-14
    1.30019e+02    6.73383e+02    4.91564e+01    1.41571e+03    2.06529e+03
     Coulomb-14        LJ (SR)   Coulomb (SR)   Coul. recip.      Potential
    1.10558e+04   -3.09075e+03   -4.17991e+04    9.11757e+03   -2.03829e+04
 Pressure (bar)
    0.00000e+00

           Step           Time
             81       81.00000

   Energies (kJ/mol)
           Bond          Angle    Proper Dih. Ryckaert-Bell.          LJ-14
    1.82636e+02    6.80995e+02    4.94086e+01    1.41597e+03    2.05663e+03
     Coulomb-14        LJ (SR)   Coulomb (SR)   Coul. recip.      Potential
    1.10581e+04   -3.09684e+03   -4.18290e+04    9.08111e+03   -2.04009e+04
 Pressure (bar)
    0.00000e+00

           Step           Time
             82       82.00000

   Energies (kJ/mol)
           Bond          Angle    Proper Dih. Ryckaert-Bell.          LJ-14
    1.37401e+02    6.80500e+02    4.92327e+01    1.41611e+03    2.05461e+03
     Coulomb-14        LJ (SR)   Coulomb (SR)   Coul. recip.      Potential
    1.10564e+04   -3.09816e+03   -4.18309e+04    9.07869e+03   -2.04561e+04
 Pressure (bar)
    0.00000e+00

           Step           Time
             83       83.00000

           Step           Time
             84       84.00000

   Energies (kJ/mol)
           Bond          Angle    Proper Dih. Ryckaert-Bell.          LJ-14
    1.43321e+02    6.80334e+02    4.93583e+01    1.41611e+03    2.05302e+03
     Coulomb-14        LJ (SR)   Coulomb (SR)   Coul. recip.      Potential
    1.10577e+04   -3.09924e+03   -4.18389e+04    9.06898e+03   -2.04694e+04
 Pressure (bar)
    0.00000e+00

           Step           Time
             85       85.00000

   Energies (kJ/mol)
           Bond          Angle    Proper Dih. Ryckaert-Bell.          LJ-14
    1.45202e+02    6.83931e+02    4.92535e+01    1.41627e+03    2.05055e+03
     Coulomb-14        LJ (SR)   Coulomb (SR)   Coul. recip.      Potential
    1.10566e+04   -3.10081e+03   -4.18443e+04    9.06268e+03   -2.04807e+04
 Pressure (bar)
    0.00000e+00

           Step           Time
             86       86.00000

   Energies (kJ/mol)
           Bond          Angle    Proper Dih. Ryckaert-Bell.          LJ-14
    1.54392e+02    6.83243e+02    4.94253e+01    1.41622e+03    2.04924e+03
     Coulomb-14        LJ (SR)   Coulomb (SR)   Coul. recip.      Potential
    1.10583e+04   -3.10165e+03   -4.18529e+04    9.05234e+03   -2.04914e+04
 Pressure (bar)
    0.00000e+00

           Step           Time
             87       87.00000

   Energies (kJ/mol)
           Bond          Angle    Proper Dih. Ryckaert-Bell.          LJ-14
    1.60702e+02    6.88261e+02    4.92677e+01    1.41643e+03    2.04662e+03
     Coulomb-14        LJ (SR)   Coulomb (SR)   Coul. recip.      Potential
    1.10566e+04   -3.10322e+03   -4.18579e+04    9.04679e+03   -2.04964e+04
 Pressure (bar)
    0.00000e+00

           Step           Time
             88       88.00000

   Energies (kJ/mol)
           Bond          Angle    Proper Dih. Ryckaert-Bell.          LJ-14
    1.76167e+02    6.87028e+02    4.95054e+01    1.41632e+03    2.04564e+03
     Coulomb-14        LJ (SR)   Coulomb (SR)   Coul. recip.      Potential
    1.10590e+04   -3.10377e+03   -4.18674e+04    9.03545e+03   -2.05021e+04
 Pressure (bar)
    0.00000e+00

           Step           Time
             89       89.00000

           Step           Time
             90       90.00000

   Energies (kJ/mol)
           Bond          Angle    Proper Dih. Ryckaert-Bell.          LJ-14
    1.34604e+02    6.85681e+02    4.93742e+01    1.41646e+03    2.04411e+03
     Coulomb-14        LJ (SR)   Coulomb (SR)   Coul. recip.      Potential
    1.10577e+04   -3.10464e+03   -4.18694e+04    9.03314e+03   -2.05529e+04
 Pressure (bar)
    0.00000e+00

           Step           Time
             91       91.00000

   Energies (kJ/mol)
           Bond          Angle    Proper Dih. Ryckaert-Bell.          LJ-14
    1.95704e+02    6.93786e+02    4.96064e+01    1.41666e+03    2.03620e+03
     Coulomb-14        LJ (SR)   Coulomb (SR)   Coul. recip.      Potential
    1.10601e+04   -3.10820e+03   -4.19054e+04    8.99198e+03   -2.05696e+04
 Pressure (bar)
    0.00000e+00

           Step           Time
             92       92.00000

   Energies (kJ/mol)
           Bond          Angle    Proper Dih. Ryckaert-Bell.          LJ-14
    1.42585e+02    6.92639e+02    4.94301e+01    1.41680e+03    2.03439e+03
     Coulomb-14        LJ (SR)   Coulomb (SR)   Coul. recip.      Potential
    1.10583e+04   -3.10902e+03   -4.19077e+04    8.98967e+03   -2.06329e+04
 Pressure (bar)
    0.00000e+00

           Step           Time
             93       93.00000

           Step           Time
             94       94.00000

   Energies (kJ/mol)
           Bond          Angle    Proper Dih. Ryckaert-Bell.          LJ-14
    1.49856e+02    6.92414e+02    4.95501e+01    1.41677e+03    2.03309e+03
     Coulomb-14        LJ (SR)   Coulomb (SR)   Coul. recip.      Potential
    1.10596e+04   -3.10933e+03   -4.19168e+04    8.97942e+03   -2.06454e+04
 Pressure (bar)
    0.00000e+00

           Step           Time
             95       95.00000

   Energies (kJ/mol)
           Bond          Angle    Proper Dih. Ryckaert-Bell.          LJ-14
    1.51222e+02    6.95927e+02    4.94419e+01    1.41693e+03    2.03098e+03
     Coulomb-14        LJ (SR)   Coulomb (SR)   Coul. recip.      Potential
    1.10584e+04   -3.11001e+03   -4.19228e+04    8.97319e+03   -2.06567e+04
 Pressure (bar)
    0.00000e+00

           Step           Time
             96       96.00000

   Energies (kJ/mol)
           Bond          Angle    Proper Dih. Ryckaert-Bell.          LJ-14
    1.62493e+02    6.95214e+02    4.96071e+01    1.41683e+03    2.02996e+03
     Coulomb-14        LJ (SR)   Coulomb (SR)   Coul. recip.      Potential
    1.10602e+04   -3.10999e+03   -4.19325e+04    8.96237e+03   -2.06658e+04
 Pressure (bar)
    0.00000e+00

           Step           Time
             97       97.00000

   Energies (kJ/mol)
           Bond          Angle    Proper Dih. Ryckaert-Bell.          LJ-14
    1.68680e+02    7.00237e+02    4.94480e+01    1.41705e+03    2.02768e+03
     Coulomb-14        LJ (SR)   Coulomb (SR)   Coul. recip.      Potential
    1.10584e+04   -3.11056e+03   -4.19381e+04    8.95692e+03   -2.06702e+04
 Pressure (bar)
    0.00000e+00

           Step           Time
             98       98.00000

   Energies (kJ/mol)
           Bond          Angle    Proper Dih. Ryckaert-Bell.          LJ-14
    1.87513e+02    6.99067e+02    4.96785e+01    1.41687e+03    2.02697e+03
     Coulomb-14        LJ (SR)   Coulomb (SR)   Coul. recip.      Potential
    1.10609e+04   -3.11015e+03   -4.19487e+04    8.94510e+03   -2.06728e+04
 Pressure (bar)
    0.00000e+00

           Step           Time
             99       99.00000

           Step           Time
            100      100.00000

   Energies (kJ/mol)
           Bond          Angle    Proper Dih. Ryckaert-Bell.          LJ-14
    1.38970e+02    6.97036e+02    4.95448e+01    1.41702e+03    2.02559e+03
     Coulomb-14        LJ (SR)   Coulomb (SR)   Coul. recip.      Potential
    1.10595e+04   -3.11047e+03   -4.19509e+04    8.94288e+03   -2.07309e+04
 Pressure (bar)
    0.00000e+00

           Step           Time
            101      101.00000

   Energies (kJ/mol)
           Bond          Angle    Proper Dih. Ryckaert-Bell.          LJ-14
    2.09596e+02    7.05605e+02    4.97618e+01    1.41706e+03    2.01849e+03
     Coulomb-14        LJ (SR)   Coulomb (SR)   Coul. recip.      Potential
    1.10620e+04   -3.10764e+03   -4.19943e+04    8.89800e+03   -2.07415e+04
 Pressure (bar)
    0.00000e+00

           Step           Time
            102      102.00000

   Energies (kJ/mol)
           Bond          Angle    Proper Dih. Ryckaert-Bell.          LJ-14
    1.47626e+02    7.03724e+02    4.95843e+01    1.41720e+03    2.01684e+03
     Coulomb-14        LJ (SR)   Coulomb (SR)   Coul. recip.      Potential
    1.10600e+04   -3.10759e+03   -4.19968e+04    8.89596e+03   -2.08134e+04
 Pressure (bar)
    0.00000e+00

           Step           Time
            103      103.00000

           Step           Time
            104      104.00000

   Energies (kJ/mol)
           Bond          Angle    Proper Dih. Ryckaert-Bell.          LJ-14
    1.56346e+02    7.03466e+02    4.96982e+01    1.41711e+03    2.01579e+03
     Coulomb-14        LJ (SR)   Coulomb (SR)   Coul. recip.      Potential
    1.10614e+04   -3.10647e+03   -4.20067e+04    8.88561e+03   -2.08237e+04
 Pressure (bar)
    0.00000e+00

           Step           Time
            105      105.00000

   Energies (kJ/mol)
           Bond          Angle    Proper Dih. Ryckaert-Bell.          LJ-14
    1.57252e+02    7.06901e+02    4.95872e+01    1.41725e+03    2.01396e+03
     Coulomb-14        LJ (SR)   Coulomb (SR)   Coul. recip.      Potential
    1.10601e+04   -3.10578e+03   -4.20129e+04    8.87984e+03   -2.08338e+04
 Pressure (bar)
    0.00000e+00

           Step           Time
            106      106.00000

   Energies (kJ/mol)
           Bond          Angle    Proper Dih. Ryckaert-Bell.          LJ-14
    1.70825e+02    7.06209e+02    4.97460e+01    1.41708e+03    2.01317e+03
     Coulomb-14        LJ (SR)   Coulomb (SR)   Coul. recip.      Potential
    1.10620e+04   -3.10443e+03   -4.20231e+04    8.86903e+03   -2.08395e+04
 Pressure (bar)
    0.00000e+00

           Step           Time
            107      107.00000

   Energies (kJ/mol)
           Bond          Angle    Proper Dih. Ryckaert-Bell.          LJ-14
    1.76981e+02    7.11245e+02    4.95847e+01    1.41729e+03    2.01116e+03
     Coulomb-14        LJ (SR)   Coulomb (SR)   Coul. recip.      Potential
    1.10600e+04   -3.10371e+03   -4.20286e+04    8.86422e+03   -2.08418e+04
 Pressure (bar)
    0.00000e+00

           Step           Time
            108      108.00000

           Step           Time
            109      109.00000

   Energies (kJ/mol)
           Bond          Angle    Proper Dih. Ryckaert-Bell.          LJ-14
    1.43137e+02    7.06101e+02    4.96856e+01    1.41716e+03    2.01082e+03
     Coulomb-14        LJ (SR)   Coulomb (SR)   Coul. recip.      Potential
    1.10613e+04   -3.10302e+03   -4.20339e+04    8.85824e+03   -2.08905e+04
 Pressure (bar)
    0.00000e+00


Steepest Descents converged to Fmax < 1000 in 110 steps
Potential Energy  = -2.0890453e+04
Maximum force     =  9.6869965e+02 on atom 1604
Norm of force     =  8.4487385e+01
Finished mdrun on rank 0 Fri Feb  4 15:52:03 2022

