                      :-) GROMACS - gmx mdrun, 2019.4 (-:

                            GROMACS is written by:
     Emile Apol      Rossen Apostolov      Paul Bauer     Herman J.C. Berendsen
    Par Bjelkmar      Christian Blau   Viacheslav Bolnykh     Kevin Boyd    
 Aldert van Buuren   Rudi van Drunen     Anton Feenstra       Alan Gray     
  Gerrit Groenhof     Anca Hamuraru    Vincent Hindriksen  M. Eric Irrgang  
  Aleksei Iupinov   Christoph Junghans     Joe Jordan     Dimitrios Karkoulis
    Peter Kasson        Jiri Kraus      Carsten Kutzner      Per Larsson    
  Justin A. Lemkul    Viveca Lindahl    Magnus Lundborg     Erik Marklund   
    Pascal Merz     Pieter Meulenhoff    Teemu Murtola       Szilard Pall   
    Sander Pronk      Roland Schulz      Michael Shirts    Alexey Shvetsov  
   Alfons Sijbers     Peter Tieleman      Jon Vincent      Teemu Virolainen 
 Christian Wennberg    Maarten Wolf   
                           and the project leaders:
        Mark Abraham, Berk Hess, Erik Lindahl, and David van der Spoel

Copyright (c) 1991-2000, University of Groningen, The Netherlands.
Copyright (c) 2001-2018, The GROMACS development team at
Uppsala University, Stockholm University and
the Royal Institute of Technology, Sweden.
check out http://www.gromacs.org for more information.

GROMACS is free software; you can redistribute it and/or modify it
under the terms of the GNU Lesser General Public License
as published by the Free Software Foundation; either version 2.1
of the License, or (at your option) any later version.

GROMACS:      gmx mdrun, version 2019.4
Executable:   /home/groups/ZuckermanLab/russojd/gmx_mp_all/bin/gmx_mpi
Data prefix:  /home/groups/ZuckermanLab/russojd/gmx_mp_all
Working dir:  /home/groups/ZuckermanLab/santossh/lc8-allostery-study/gromacs/trial-run-7D35/charmm3/gromacs
Process ID:   247519
Command line:
  gmx mdrun -deffnm 7D35_equilib100ns -v

GROMACS version:    2019.4
Precision:          single
Memory model:       64 bit
MPI library:        MPI
OpenMP support:     enabled (GMX_OPENMP_MAX_THREADS = 64)
GPU support:        CUDA
SIMD instructions:  AVX_256
FFT library:        fftw-3.3.8-sse2-avx-avx2-avx2_128
RDTSCP usage:       enabled
TNG support:        enabled
Hwloc support:      disabled
Tracing support:    disabled
C compiler:         /usr/lib64/openmpi/bin/mpicc GNU 4.8.5
C compiler flags:    -mavx     -O3 -DNDEBUG -funroll-all-loops -fexcess-precision=fast  
C++ compiler:       /usr/lib64/openmpi/bin/mpic++ GNU 4.8.5
C++ compiler flags:  -mavx    -std=c++11   -O3 -DNDEBUG -funroll-all-loops -fexcess-precision=fast  
CUDA compiler:      /home/users/russojd/zl/russojd/cuda-10.0/bin/nvcc nvcc: NVIDIA (R) Cuda compiler driver;Copyright (c) 2005-2018 NVIDIA Corporation;Built on Sat_Aug_25_21:08:01_CDT_2018;Cuda compilation tools, release 10.0, V10.0.130
CUDA compiler flags:-gencode;arch=compute_30,code=sm_30;-gencode;arch=compute_35,code=sm_35;-gencode;arch=compute_37,code=sm_37;-gencode;arch=compute_50,code=sm_50;-gencode;arch=compute_52,code=sm_52;-gencode;arch=compute_60,code=sm_60;-gencode;arch=compute_61,code=sm_61;-gencode;arch=compute_70,code=sm_70;-gencode;arch=compute_75,code=compute_75;-use_fast_math;;; ;-mavx;-std=c++11;-O3;-DNDEBUG;-funroll-all-loops;-fexcess-precision=fast;
CUDA driver:        11.0
CUDA runtime:       N/A

NOTE: Detection of GPUs failed. The API reported:
      no CUDA-capable device is detected
      GROMACS cannot run tasks on a GPU.

Running on 1 node with total 28 cores, 28 logical cores, 0 compatible GPUs
Hardware detected on host exanode-8-13 (the node of MPI rank 0):
  CPU info:
    Vendor: Intel
    Brand:  Intel(R) Xeon(R) Gold 6132 CPU @ 2.60GHz
    Family: 6   Model: 85   Stepping: 4
    Features: aes apic avx avx2 avx512f avx512cd avx512bw avx512vl clfsh cmov cx8 cx16 f16c fma hle htt intel lahf mmx msr nonstop_tsc pcid pclmuldq pdcm pdpe1gb popcnt pse rdrnd rdtscp rtm sse2 sse3 sse4.1 sse4.2 ssse3 tdt x2apic
    Number of AVX-512 FMA units: Cannot run AVX-512 detection - assuming 2
  Hardware topology: Only logical processor count

Highest SIMD level requested by all nodes in run: AVX_512
SIMD instructions selected at compile time:       AVX_256
This program was compiled for different hardware than you are running on,
which could influence performance.

++++ PLEASE READ AND CITE THE FOLLOWING REFERENCE ++++
M. J. Abraham, T. Murtola, R. Schulz, S. Páll, J. C. Smith, B. Hess, E.
Lindahl
GROMACS: High performance molecular simulations through multi-level
parallelism from laptops to supercomputers
SoftwareX 1 (2015) pp. 19-25
-------- -------- --- Thank You --- -------- --------


++++ PLEASE READ AND CITE THE FOLLOWING REFERENCE ++++
S. Páll, M. J. Abraham, C. Kutzner, B. Hess, E. Lindahl
Tackling Exascale Software Challenges in Molecular Dynamics Simulations with
GROMACS
In S. Markidis & E. Laure (Eds.), Solving Software Challenges for Exascale 8759 (2015) pp. 3-27
-------- -------- --- Thank You --- -------- --------


++++ PLEASE READ AND CITE THE FOLLOWING REFERENCE ++++
S. Pronk, S. Páll, R. Schulz, P. Larsson, P. Bjelkmar, R. Apostolov, M. R.
Shirts, J. C. Smith, P. M. Kasson, D. van der Spoel, B. Hess, and E. Lindahl
GROMACS 4.5: a high-throughput and highly parallel open source molecular
simulation toolkit
Bioinformatics 29 (2013) pp. 845-54
-------- -------- --- Thank You --- -------- --------


++++ PLEASE READ AND CITE THE FOLLOWING REFERENCE ++++
B. Hess and C. Kutzner and D. van der Spoel and E. Lindahl
GROMACS 4: Algorithms for highly efficient, load-balanced, and scalable
molecular simulation
J. Chem. Theory Comput. 4 (2008) pp. 435-447
-------- -------- --- Thank You --- -------- --------


++++ PLEASE READ AND CITE THE FOLLOWING REFERENCE ++++
D. van der Spoel, E. Lindahl, B. Hess, G. Groenhof, A. E. Mark and H. J. C.
Berendsen
GROMACS: Fast, Flexible and Free
J. Comp. Chem. 26 (2005) pp. 1701-1719
-------- -------- --- Thank You --- -------- --------


++++ PLEASE READ AND CITE THE FOLLOWING REFERENCE ++++
E. Lindahl and B. Hess and D. van der Spoel
GROMACS 3.0: A package for molecular simulation and trajectory analysis
J. Mol. Mod. 7 (2001) pp. 306-317
-------- -------- --- Thank You --- -------- --------


++++ PLEASE READ AND CITE THE FOLLOWING REFERENCE ++++
H. J. C. Berendsen, D. van der Spoel and R. van Drunen
GROMACS: A message-passing parallel molecular dynamics implementation
Comp. Phys. Comm. 91 (1995) pp. 43-56
-------- -------- --- Thank You --- -------- --------


++++ PLEASE CITE THE DOI FOR THIS VERSION OF GROMACS ++++
https://doi.org/10.5281/zenodo.3460414
-------- -------- --- Thank You --- -------- --------

Input Parameters:
   integrator                     = md
   tinit                          = 0
   dt                             = 0.001
   nsteps                         = 12500000
   init-step                      = 0
   simulation-part                = 1
   comm-mode                      = Linear
   nstcomm                        = 100
   bd-fric                        = 0
   ld-seed                        = -1013894701
   emtol                          = 10
   emstep                         = 0.01
   niter                          = 20
   fcstep                         = 0
   nstcgsteep                     = 1000
   nbfgscorr                      = 10
   rtpi                           = 0.05
   nstxout                        = 0
   nstvout                        = 500000
   nstfout                        = 500000
   nstlog                         = 1000
   nstcalcenergy                  = 100
   nstenergy                      = 1000
   nstxout-compressed             = 500000
   compressed-x-precision         = 1000
   cutoff-scheme                  = Verlet
   nstlist                        = 20
   ns-type                        = Grid
   pbc                            = xyz
   periodic-molecules             = false
   verlet-buffer-tolerance        = 0.005
   rlist                          = 1.2
   coulombtype                    = PME
   coulomb-modifier               = Potential-shift
   rcoulomb-switch                = 0
   rcoulomb                       = 1.2
   epsilon-r                      = 1
   epsilon-rf                     = inf
   vdw-type                       = Cut-off
   vdw-modifier                   = Force-switch
   rvdw-switch                    = 1
   rvdw                           = 1.2
   DispCorr                       = No
   table-extension                = 1
   fourierspacing                 = 0.12
   fourier-nx                     = 52
   fourier-ny                     = 52
   fourier-nz                     = 52
   pme-order                      = 4
   ewald-rtol                     = 1e-05
   ewald-rtol-lj                  = 0.001
   lj-pme-comb-rule               = Geometric
   ewald-geometry                 = 0
   epsilon-surface                = 0
   tcoupl                         = Nose-Hoover
   nsttcouple                     = 20
   nh-chain-length                = 1
   print-nose-hoover-chain-variables = false
   pcoupl                         = No
   pcoupltype                     = Isotropic
   nstpcouple                     = -1
   tau-p                          = 1
   compressibility (3x3):
      compressibility[    0]={ 0.00000e+00,  0.00000e+00,  0.00000e+00}
      compressibility[    1]={ 0.00000e+00,  0.00000e+00,  0.00000e+00}
      compressibility[    2]={ 0.00000e+00,  0.00000e+00,  0.00000e+00}
   ref-p (3x3):
      ref-p[    0]={ 0.00000e+00,  0.00000e+00,  0.00000e+00}
      ref-p[    1]={ 0.00000e+00,  0.00000e+00,  0.00000e+00}
      ref-p[    2]={ 0.00000e+00,  0.00000e+00,  0.00000e+00}
   refcoord-scaling               = No
   posres-com (3):
      posres-com[0]= 0.00000e+00
      posres-com[1]= 0.00000e+00
      posres-com[2]= 0.00000e+00
   posres-comB (3):
      posres-comB[0]= 0.00000e+00
      posres-comB[1]= 0.00000e+00
      posres-comB[2]= 0.00000e+00
   QMMM                           = false
   QMconstraints                  = 0
   QMMMscheme                     = 0
   MMChargeScaleFactor            = 1
qm-opts:
   ngQM                           = 0
   constraint-algorithm           = Lincs
   continuation                   = false
   Shake-SOR                      = false
   shake-tol                      = 0.0001
   lincs-order                    = 4
   lincs-iter                     = 1
   lincs-warnangle                = 30
   nwall                          = 0
   wall-type                      = 9-3
   wall-r-linpot                  = -1
   wall-atomtype[0]               = -1
   wall-atomtype[1]               = -1
   wall-density[0]                = 0
   wall-density[1]                = 0
   wall-ewald-zfac                = 3
   pull                           = false
   awh                            = false
   rotation                       = false
   interactiveMD                  = false
   disre                          = No
   disre-weighting                = Conservative
   disre-mixed                    = false
   dr-fc                          = 1000
   dr-tau                         = 0
   nstdisreout                    = 100
   orire-fc                       = 0
   orire-tau                      = 0
   nstorireout                    = 100
   free-energy                    = no
   cos-acceleration               = 0
   deform (3x3):
      deform[    0]={ 0.00000e+00,  0.00000e+00,  0.00000e+00}
      deform[    1]={ 0.00000e+00,  0.00000e+00,  0.00000e+00}
      deform[    2]={ 0.00000e+00,  0.00000e+00,  0.00000e+00}
   simulated-tempering            = false
   swapcoords                     = no
   userint1                       = 0
   userint2                       = 0
   userint3                       = 0
   userint4                       = 0
   userreal1                      = 0
   userreal2                      = 0
   userreal3                      = 0
   userreal4                      = 0
   applied-forces:
     electric-field:
       x:
         E0                       = 0
         omega                    = 0
         t0                       = 0
         sigma                    = 0
       y:
         E0                       = 0
         omega                    = 0
         t0                       = 0
         sigma                    = 0
       z:
         E0                       = 0
         omega                    = 0
         t0                       = 0
         sigma                    = 0
grpopts:
   nrdf:        3927       41466
   ref-t:      303.15      303.15
   tau-t:           1           1
annealing:          No          No
annealing-npoints:           0           0
   acc:	           0           0           0
   nfreeze:           N           N           N
   energygrp-flags[  0]: 0

Changing nstlist from 20 to 100, rlist from 1.2 to 1.293


Using 1 MPI process
Using 28 OpenMP threads 


Non-default thread affinity set probably by the OpenMP library,
disabling internal thread affinity
System total charge: 0.000
Will do PME sum in reciprocal space for electrostatic interactions.

++++ PLEASE READ AND CITE THE FOLLOWING REFERENCE ++++
U. Essmann, L. Perera, M. L. Berkowitz, T. Darden, H. Lee and L. G. Pedersen 
A smooth particle mesh Ewald method
J. Chem. Phys. 103 (1995) pp. 8577-8592
-------- -------- --- Thank You --- -------- --------

Using a Gaussian width (1/beta) of 0.384195 nm for Ewald
Potential shift: LJ r^-12: -2.648e-01 r^-6: -5.349e-01, Ewald -8.333e-06
Initialized non-bonded Ewald correction tables, spacing: 1.02e-03 size: 1176

Generated table with 1146 data points for 1-4 COUL.
Tabscale = 500 points/nm
Generated table with 1146 data points for 1-4 LJ6.
Tabscale = 500 points/nm
Generated table with 1146 data points for 1-4 LJ12.
Tabscale = 500 points/nm

Using SIMD 4x4 nonbonded short-range kernels

Using a dual 4x4 pair-list setup updated with dynamic pruning:
  outer list: updated every 100 steps, buffer 0.093 nm, rlist 1.293 nm
  inner list: updated every  25 steps, buffer 0.001 nm, rlist 1.201 nm
At tolerance 0.005 kJ/mol/ps per atom, equivalent classical 1x1 list would be:
  outer list: updated every 100 steps, buffer 0.224 nm, rlist 1.424 nm
  inner list: updated every  25 steps, buffer 0.051 nm, rlist 1.251 nm

Removing pbc first time

Initializing LINear Constraint Solver

++++ PLEASE READ AND CITE THE FOLLOWING REFERENCE ++++
B. Hess and H. Bekker and H. J. C. Berendsen and J. G. E. M. Fraaije
LINCS: A Linear Constraint Solver for molecular simulations
J. Comp. Chem. 18 (1997) pp. 1463-1472
-------- -------- --- Thank You --- -------- --------

The number of constraints is 777

++++ PLEASE READ AND CITE THE FOLLOWING REFERENCE ++++
S. Miyamoto and P. A. Kollman
SETTLE: An Analytical Version of the SHAKE and RATTLE Algorithms for Rigid
Water Models
J. Comp. Chem. 13 (1992) pp. 952-962
-------- -------- --- Thank You --- -------- --------

Center of mass motion removal mode is Linear
We have the following groups for center of mass motion removal:
  0:  Protein
  1:  non-Protein
There are: 22284 Atoms

Constraining the starting coordinates (step 0)

Constraining the coordinates at t0-dt (step 0)
RMS relative constraint deviation after constraining: 1.25e-06
Initial temperature: 301.732 K

Started mdrun on rank 0 Mon Feb 14 17:15:58 2022

           Step           Time
              0        0.00000

   Energies (kJ/mol)
           Bond            U-B    Proper Dih.  Improper Dih.      CMAP Dih.
    4.29718e+02    9.20177e+02    4.15935e+03    3.61427e+01   -1.29327e+02
          LJ-14     Coulomb-14        LJ (SR)   Coulomb (SR)   Coul. recip.
    1.57676e+03    2.02736e+04    3.85042e+04   -4.07169e+05    2.07899e+03
 Position Rest.      Potential    Kinetic En.   Total Energy  Conserved En.
    1.06265e-04   -3.39319e+05    5.69592e+04   -2.82360e+05   -2.82360e+05
    Temperature Pressure (bar)   Constr. rmsd
    3.01836e+02   -1.38318e+03    1.30011e-06

           Step           Time
           1000        1.00000

   Energies (kJ/mol)
           Bond            U-B    Proper Dih.  Improper Dih.      CMAP Dih.
    1.06598e+03    2.89439e+03    4.30114e+03    1.64185e+02   -1.99433e+02
          LJ-14     Coulomb-14        LJ (SR)   Coulomb (SR)   Coul. recip.
    1.18768e+03    1.97049e+04    2.78703e+04   -3.68939e+05    1.09216e+03
 Position Rest.      Potential    Kinetic En.   Total Energy  Conserved En.
    2.49909e+02   -3.10608e+05    4.60381e+04   -2.64570e+05   -2.80041e+05
    Temperature Pressure (bar)   Constr. rmsd
    2.43963e+02   -2.35043e+03    1.22521e-06

           Step           Time
           2000        2.00000

   Energies (kJ/mol)
           Bond            U-B    Proper Dih.  Improper Dih.      CMAP Dih.
    9.77822e+02    2.94940e+03    4.26725e+03    1.71210e+02   -2.00228e+02
          LJ-14     Coulomb-14        LJ (SR)   Coulomb (SR)   Coul. recip.
    1.19473e+03    1.98162e+04    2.65421e+04   -3.59480e+05    1.17373e+03
 Position Rest.      Potential    Kinetic En.   Total Energy  Conserved En.
    2.17854e+02   -3.02370e+05    5.27734e+04   -2.49597e+05   -2.79393e+05
    Temperature Pressure (bar)   Constr. rmsd
    2.79655e+02   -1.59269e+03    1.22143e-06

           Step           Time
           3000        3.00000

   Energies (kJ/mol)
           Bond            U-B    Proper Dih.  Improper Dih.      CMAP Dih.
    1.05148e+03    3.06169e+03    4.18870e+03    1.97844e+02   -2.06344e+02
          LJ-14     Coulomb-14        LJ (SR)   Coulomb (SR)   Coul. recip.
    1.16731e+03    1.98096e+04    2.55474e+04   -3.54585e+05    1.24735e+03
 Position Rest.      Potential    Kinetic En.   Total Energy  Conserved En.
    2.14480e+02   -2.98306e+05    5.59214e+04   -2.42384e+05   -2.78921e+05
    Temperature Pressure (bar)   Constr. rmsd
    2.96337e+02   -1.68337e+03    1.23721e-06

           Step           Time
           4000        4.00000

   Energies (kJ/mol)
           Bond            U-B    Proper Dih.  Improper Dih.      CMAP Dih.
    1.16416e+03    3.15659e+03    4.29474e+03    1.59638e+02   -2.10692e+02
          LJ-14     Coulomb-14        LJ (SR)   Coulomb (SR)   Coul. recip.
    1.20539e+03    1.97174e+04    2.52553e+04   -3.52622e+05    1.20415e+03
 Position Rest.      Potential    Kinetic En.   Total Energy  Conserved En.
    1.90591e+02   -2.96484e+05    5.68137e+04   -2.39671e+05   -2.78557e+05
    Temperature Pressure (bar)   Constr. rmsd
    3.01065e+02   -1.54155e+03    1.21875e-06

           Step           Time
           5000        5.00000

   Energies (kJ/mol)
           Bond            U-B    Proper Dih.  Improper Dih.      CMAP Dih.
    1.14152e+03    3.10908e+03    4.31352e+03    2.42145e+02   -2.01794e+02
          LJ-14     Coulomb-14        LJ (SR)   Coulomb (SR)   Coul. recip.
    1.21397e+03    1.98310e+04    2.60534e+04   -3.53652e+05    1.19410e+03
 Position Rest.      Potential    Kinetic En.   Total Energy  Conserved En.
    1.77657e+02   -2.96577e+05    5.74238e+04   -2.39154e+05   -2.78284e+05
    Temperature Pressure (bar)   Constr. rmsd
    3.04298e+02   -1.25828e+03    1.21754e-06

           Step           Time
           6000        6.00000

   Energies (kJ/mol)
           Bond            U-B    Proper Dih.  Improper Dih.      CMAP Dih.
    1.33887e+03    3.21728e+03    4.34919e+03    2.11141e+02   -2.06328e+02
          LJ-14     Coulomb-14        LJ (SR)   Coulomb (SR)   Coul. recip.
    1.22766e+03    1.95978e+04    2.69972e+04   -3.56524e+05    1.27274e+03
 Position Rest.      Potential    Kinetic En.   Total Energy  Conserved En.
    1.90701e+02   -2.98328e+05    5.71328e+04   -2.41195e+05   -2.78256e+05
    Temperature Pressure (bar)   Constr. rmsd
    3.02756e+02   -1.19987e+03    1.24876e-06

           Step           Time
           7000        7.00000

   Energies (kJ/mol)
           Bond            U-B    Proper Dih.  Improper Dih.      CMAP Dih.
    1.22337e+03    3.38104e+03    4.33225e+03    2.18651e+02   -2.43466e+02
          LJ-14     Coulomb-14        LJ (SR)   Coulomb (SR)   Coul. recip.
    1.17078e+03    1.96730e+04    2.73175e+04   -3.57570e+05    1.22648e+03
 Position Rest.      Potential    Kinetic En.   Total Energy  Conserved En.
    1.80251e+02   -2.99090e+05    5.73112e+04   -2.41779e+05   -2.78321e+05
    Temperature Pressure (bar)   Constr. rmsd
    3.03701e+02   -1.20733e+03    1.24670e-06

           Step           Time
           8000        8.00000

   Energies (kJ/mol)
           Bond            U-B    Proper Dih.  Improper Dih.      CMAP Dih.
    1.27141e+03    3.54445e+03    4.24262e+03    2.37814e+02   -1.68980e+02
          LJ-14     Coulomb-14        LJ (SR)   Coulomb (SR)   Coul. recip.
    1.21612e+03    1.98324e+04    2.71545e+04   -3.56437e+05    1.26141e+03
 Position Rest.      Potential    Kinetic En.   Total Energy  Conserved En.
    1.93555e+02   -2.97652e+05    5.71696e+04   -2.40482e+05   -2.78287e+05
    Temperature Pressure (bar)   Constr. rmsd
    3.02951e+02   -1.11926e+03    1.24029e-06

           Step           Time
           9000        9.00000

   Energies (kJ/mol)
           Bond            U-B    Proper Dih.  Improper Dih.      CMAP Dih.
    1.25668e+03    3.54432e+03    4.26365e+03    2.34831e+02   -2.04381e+02
          LJ-14     Coulomb-14        LJ (SR)   Coulomb (SR)   Coul. recip.
    1.23818e+03    1.98818e+04    2.66060e+04   -3.55895e+05    1.28337e+03
 Position Rest.      Potential    Kinetic En.   Total Energy  Conserved En.
    2.02045e+02   -2.97588e+05    5.77548e+04   -2.39833e+05   -2.78278e+05
    Temperature Pressure (bar)   Constr. rmsd
    3.06052e+02   -1.20738e+03    1.29027e-06

           Step           Time
          10000       10.00000

   Energies (kJ/mol)
           Bond            U-B    Proper Dih.  Improper Dih.      CMAP Dih.
    1.28731e+03    3.54164e+03    4.25628e+03    2.12663e+02   -1.69556e+02
          LJ-14     Coulomb-14        LJ (SR)   Coulomb (SR)   Coul. recip.
    1.26491e+03    1.98553e+04    2.71390e+04   -3.55779e+05    1.22060e+03
 Position Rest.      Potential    Kinetic En.   Total Energy  Conserved En.
    2.16453e+02   -2.96955e+05    5.81583e+04   -2.38796e+05   -2.78198e+05
    Temperature Pressure (bar)   Constr. rmsd
    3.08190e+02   -1.00608e+03    1.30650e-06

           Step           Time
          11000       11.00000

   Energies (kJ/mol)
           Bond            U-B    Proper Dih.  Improper Dih.      CMAP Dih.
    1.34207e+03    3.53247e+03    4.30103e+03    2.17693e+02   -1.95294e+02
          LJ-14     Coulomb-14        LJ (SR)   Coulomb (SR)   Coul. recip.
    1.24977e+03    1.98238e+04    2.65800e+04   -3.55521e+05    1.22559e+03
 Position Rest.      Potential    Kinetic En.   Total Energy  Conserved En.
    1.75455e+02   -2.97269e+05    5.75681e+04   -2.39701e+05   -2.78171e+05
    Temperature Pressure (bar)   Constr. rmsd
    3.05062e+02   -1.14884e+03    1.25512e-06

           Step           Time
          12000       12.00000

   Energies (kJ/mol)
           Bond            U-B    Proper Dih.  Improper Dih.      CMAP Dih.
    1.28320e+03    3.49350e+03    4.29296e+03    2.38778e+02   -2.01576e+02
          LJ-14     Coulomb-14        LJ (SR)   Coulomb (SR)   Coul. recip.
    1.27032e+03    1.96119e+04    2.73094e+04   -3.55670e+05    1.24343e+03
 Position Rest.      Potential    Kinetic En.   Total Energy  Conserved En.
    1.96020e+02   -2.96932e+05    5.66780e+04   -2.40254e+05   -2.78196e+05
    Temperature Pressure (bar)   Constr. rmsd
    3.00346e+02   -9.65036e+02    1.29547e-06

           Step           Time
          13000       13.00000

   Energies (kJ/mol)
           Bond            U-B    Proper Dih.  Improper Dih.      CMAP Dih.
    1.37700e+03    3.38152e+03    4.28836e+03    2.14923e+02   -2.13123e+02
          LJ-14     Coulomb-14        LJ (SR)   Coulomb (SR)   Coul. recip.
    1.20252e+03    1.99653e+04    2.70705e+04   -3.56401e+05    1.16252e+03
 Position Rest.      Potential    Kinetic En.   Total Energy  Conserved En.
    1.87743e+02   -2.97764e+05    5.83126e+04   -2.39451e+05   -2.78218e+05
    Temperature Pressure (bar)   Constr. rmsd
    3.09008e+02   -1.20575e+03    1.28322e-06

           Step           Time
          14000       14.00000

   Energies (kJ/mol)
           Bond            U-B    Proper Dih.  Improper Dih.      CMAP Dih.
    1.33011e+03    3.57809e+03    4.27279e+03    2.01224e+02   -1.85436e+02
          LJ-14     Coulomb-14        LJ (SR)   Coulomb (SR)   Coul. recip.
    1.23230e+03    1.96437e+04    2.70510e+04   -3.56070e+05    1.19727e+03
 Position Rest.      Potential    Kinetic En.   Total Energy  Conserved En.
    1.86827e+02   -2.97562e+05    5.71071e+04   -2.40455e+05   -2.78208e+05
    Temperature Pressure (bar)   Constr. rmsd
    3.02619e+02   -1.24575e+03    1.40532e-06

           Step           Time
          15000       15.00000

   Energies (kJ/mol)
           Bond            U-B    Proper Dih.  Improper Dih.      CMAP Dih.
    1.32429e+03    3.35415e+03    4.24118e+03    2.30120e+02   -1.80177e+02
          LJ-14     Coulomb-14        LJ (SR)   Coulomb (SR)   Coul. recip.
    1.23518e+03    1.97008e+04    2.68330e+04   -3.56488e+05    1.22014e+03
 Position Rest.      Potential    Kinetic En.   Total Energy  Conserved En.
    1.98078e+02   -2.98331e+05    5.75007e+04   -2.40831e+05   -2.78218e+05
    Temperature Pressure (bar)   Constr. rmsd
    3.04706e+02   -1.34339e+03    1.32814e-06

           Step           Time
          16000       16.00000

   Energies (kJ/mol)
           Bond            U-B    Proper Dih.  Improper Dih.      CMAP Dih.
    1.30269e+03    3.64204e+03    4.26367e+03    2.19028e+02   -2.20308e+02
          LJ-14     Coulomb-14        LJ (SR)   Coulomb (SR)   Coul. recip.
    1.22202e+03    1.94977e+04    2.61782e+04   -3.55039e+05    1.22768e+03
 Position Rest.      Potential    Kinetic En.   Total Energy  Conserved En.
    1.89412e+02   -2.97517e+05    5.74697e+04   -2.40047e+05   -2.78200e+05
    Temperature Pressure (bar)   Constr. rmsd
    3.04541e+02   -1.37578e+03    1.22858e-06

           Step           Time
          17000       17.00000

   Energies (kJ/mol)
           Bond            U-B    Proper Dih.  Improper Dih.      CMAP Dih.
    1.37220e+03    3.50361e+03    4.28719e+03    2.18638e+02   -1.93083e+02
          LJ-14     Coulomb-14        LJ (SR)   Coulomb (SR)   Coul. recip.
    1.17060e+03    1.96734e+04    2.60563e+04   -3.55470e+05    1.21266e+03
 Position Rest.      Potential    Kinetic En.   Total Energy  Conserved En.
    1.87738e+02   -2.97981e+05    5.73032e+04   -2.40678e+05   -2.78173e+05
    Temperature Pressure (bar)   Constr. rmsd
    3.03659e+02   -1.53091e+03    1.26259e-06

           Step           Time
          18000       18.00000

   Energies (kJ/mol)
           Bond            U-B    Proper Dih.  Improper Dih.      CMAP Dih.
    1.43840e+03    3.47190e+03    4.34935e+03    2.34275e+02   -1.99935e+02
          LJ-14     Coulomb-14        LJ (SR)   Coulomb (SR)   Coul. recip.
    1.22247e+03    1.96507e+04    2.74294e+04   -3.57444e+05    1.21904e+03
 Position Rest.      Potential    Kinetic En.   Total Energy  Conserved En.
    2.21230e+02   -2.98407e+05    5.78120e+04   -2.40595e+05   -2.78245e+05
    Temperature Pressure (bar)   Constr. rmsd
    3.06355e+02   -1.08435e+03    1.26382e-06

           Step           Time
          19000       19.00000

   Energies (kJ/mol)
           Bond            U-B    Proper Dih.  Improper Dih.      CMAP Dih.
    1.42426e+03    3.48908e+03    4.35647e+03    2.35002e+02   -2.04077e+02
          LJ-14     Coulomb-14        LJ (SR)   Coulomb (SR)   Coul. recip.
    1.26002e+03    1.97666e+04    2.75327e+04   -3.56800e+05    1.21849e+03
 Position Rest.      Potential    Kinetic En.   Total Energy  Conserved En.
    2.05939e+02   -2.97515e+05    5.73045e+04   -2.40211e+05   -2.78200e+05
    Temperature Pressure (bar)   Constr. rmsd
    3.03665e+02   -9.46523e+02    1.32317e-06

           Step           Time
          20000       20.00000

   Energies (kJ/mol)
           Bond            U-B    Proper Dih.  Improper Dih.      CMAP Dih.
    1.40911e+03    3.40885e+03    4.31429e+03    2.37076e+02   -2.02594e+02
          LJ-14     Coulomb-14        LJ (SR)   Coulomb (SR)   Coul. recip.
    1.19263e+03    1.97000e+04    2.74745e+04   -3.57884e+05    1.18237e+03
 Position Rest.      Potential    Kinetic En.   Total Energy  Conserved En.
    2.07807e+02   -2.98960e+05    5.69534e+04   -2.42007e+05   -2.78178e+05
    Temperature Pressure (bar)   Constr. rmsd
    3.01805e+02   -1.15580e+03    1.30915e-06

           Step           Time
          21000       21.00000

   Energies (kJ/mol)
           Bond            U-B    Proper Dih.  Improper Dih.      CMAP Dih.
    1.26214e+03    3.43620e+03    4.27356e+03    2.27072e+02   -1.90141e+02
          LJ-14     Coulomb-14        LJ (SR)   Coulomb (SR)   Coul. recip.
    1.19593e+03    1.96890e+04    2.66360e+04   -3.56210e+05    1.24239e+03
 Position Rest.      Potential    Kinetic En.   Total Energy  Conserved En.
    1.87381e+02   -2.98250e+05    5.68245e+04   -2.41426e+05   -2.78246e+05
    Temperature Pressure (bar)   Constr. rmsd
    3.01122e+02   -1.26589e+03    1.29827e-06

Writing checkpoint, step 21900 at Mon Feb 14 17:31:00 2022


           Step           Time
          22000       22.00000

   Energies (kJ/mol)
           Bond            U-B    Proper Dih.  Improper Dih.      CMAP Dih.
    1.21118e+03    3.40919e+03    4.30391e+03    2.12378e+02   -2.13838e+02
          LJ-14     Coulomb-14        LJ (SR)   Coulomb (SR)   Coul. recip.
    1.23004e+03    1.95030e+04    2.67665e+04   -3.56035e+05    1.25109e+03
 Position Rest.      Potential    Kinetic En.   Total Energy  Conserved En.
    1.81542e+02   -2.98180e+05    5.69809e+04   -2.41199e+05   -2.78289e+05
    Temperature Pressure (bar)   Constr. rmsd
    3.01951e+02   -1.11354e+03    1.26447e-06

           Step           Time
          23000       23.00000

   Energies (kJ/mol)
           Bond            U-B    Proper Dih.  Improper Dih.      CMAP Dih.
    1.18705e+03    3.32213e+03    4.25255e+03    1.93189e+02   -1.87565e+02
          LJ-14     Coulomb-14        LJ (SR)   Coulomb (SR)   Coul. recip.
    1.21170e+03    1.99300e+04    2.67874e+04   -3.56783e+05    1.22972e+03
 Position Rest.      Potential    Kinetic En.   Total Energy  Conserved En.
    1.91596e+02   -2.98665e+05    5.69515e+04   -2.41713e+05   -2.78274e+05
    Temperature Pressure (bar)   Constr. rmsd
    3.01795e+02   -1.17824e+03    1.23550e-06

           Step           Time
          24000       24.00000

   Energies (kJ/mol)
           Bond            U-B    Proper Dih.  Improper Dih.      CMAP Dih.
    1.20050e+03    3.31020e+03    4.24381e+03    2.20683e+02   -2.02417e+02
          LJ-14     Coulomb-14        LJ (SR)   Coulomb (SR)   Coul. recip.
    1.27115e+03    1.97741e+04    2.75764e+04   -3.58162e+05    1.19571e+03
 Position Rest.      Potential    Kinetic En.   Total Energy  Conserved En.
    1.74329e+02   -2.99397e+05    5.67912e+04   -2.42606e+05   -2.78320e+05
    Temperature Pressure (bar)   Constr. rmsd
    3.00946e+02   -8.81517e+02    1.28822e-06

           Step           Time
          25000       25.00000

   Energies (kJ/mol)
           Bond            U-B    Proper Dih.  Improper Dih.      CMAP Dih.
    1.30861e+03    3.28976e+03    4.27717e+03    2.18833e+02   -2.02256e+02
          LJ-14     Coulomb-14        LJ (SR)   Coulomb (SR)   Coul. recip.
    1.18160e+03    1.98216e+04    2.71567e+04   -3.56520e+05    1.26892e+03
 Position Rest.      Potential    Kinetic En.   Total Energy  Conserved En.
    1.96210e+02   -2.98003e+05    5.75579e+04   -2.40445e+05   -2.78343e+05
    Temperature Pressure (bar)   Constr. rmsd
    3.05008e+02   -1.11417e+03    1.29344e-06

           Step           Time
          26000       26.00000

   Energies (kJ/mol)
           Bond            U-B    Proper Dih.  Improper Dih.      CMAP Dih.
    1.20059e+03    3.32948e+03    4.23361e+03    2.03979e+02   -2.01591e+02
          LJ-14     Coulomb-14        LJ (SR)   Coulomb (SR)   Coul. recip.
    1.21751e+03    1.97353e+04    2.75750e+04   -3.57046e+05    1.20734e+03
 Position Rest.      Potential    Kinetic En.   Total Energy  Conserved En.
    1.91679e+02   -2.98353e+05    5.70645e+04   -2.41288e+05   -2.78344e+05
    Temperature Pressure (bar)   Constr. rmsd
    3.02394e+02   -9.39529e+02    1.27042e-06

           Step           Time
          27000       27.00000

   Energies (kJ/mol)
           Bond            U-B    Proper Dih.  Improper Dih.      CMAP Dih.
    1.24912e+03    3.46080e+03    4.22207e+03    1.99964e+02   -2.30611e+02
          LJ-14     Coulomb-14        LJ (SR)   Coulomb (SR)   Coul. recip.
    1.19869e+03    1.96088e+04    2.64607e+04   -3.56035e+05    1.19687e+03
 Position Rest.      Potential    Kinetic En.   Total Energy  Conserved En.
    2.17403e+02   -2.98451e+05    5.71427e+04   -2.41309e+05   -2.78421e+05
    Temperature Pressure (bar)   Constr. rmsd
    3.02808e+02   -1.24356e+03    1.30663e-06

           Step           Time
          28000       28.00000

   Energies (kJ/mol)
           Bond            U-B    Proper Dih.  Improper Dih.      CMAP Dih.
    1.16776e+03    3.36138e+03    4.29635e+03    2.14500e+02   -1.77236e+02
          LJ-14     Coulomb-14        LJ (SR)   Coulomb (SR)   Coul. recip.
    1.25828e+03    1.98269e+04    2.73426e+04   -3.57938e+05    1.17612e+03
 Position Rest.      Potential    Kinetic En.   Total Energy  Conserved En.
    2.04391e+02   -2.99267e+05    5.67876e+04   -2.42480e+05   -2.78379e+05
    Temperature Pressure (bar)   Constr. rmsd
    3.00927e+02   -1.04951e+03    1.30327e-06

           Step           Time
          29000       29.00000

   Energies (kJ/mol)
           Bond            U-B    Proper Dih.  Improper Dih.      CMAP Dih.
    1.33397e+03    3.34082e+03    4.23493e+03    2.04344e+02   -2.26855e+02
          LJ-14     Coulomb-14        LJ (SR)   Coulomb (SR)   Coul. recip.
    1.19019e+03    1.98232e+04    2.72699e+04   -3.58076e+05    1.19275e+03
 Position Rest.      Potential    Kinetic En.   Total Energy  Conserved En.
    1.94525e+02   -2.99518e+05    5.74806e+04   -2.42038e+05   -2.78520e+05
    Temperature Pressure (bar)   Constr. rmsd
    3.04599e+02   -1.28024e+03    1.25999e-06

           Step           Time
          30000       30.00000

   Energies (kJ/mol)
           Bond            U-B    Proper Dih.  Improper Dih.      CMAP Dih.
    1.23024e+03    3.31844e+03    4.30572e+03    1.82934e+02   -1.84521e+02
          LJ-14     Coulomb-14        LJ (SR)   Coulomb (SR)   Coul. recip.
    1.21126e+03    1.97188e+04    2.79106e+04   -3.57929e+05    1.21549e+03
 Position Rest.      Potential    Kinetic En.   Total Energy  Conserved En.
    2.02107e+02   -2.98818e+05    5.72806e+04   -2.41537e+05   -2.78472e+05
    Temperature Pressure (bar)   Constr. rmsd
    3.03539e+02   -1.09422e+03    1.24175e-06

           Step           Time
          31000       31.00000

   Energies (kJ/mol)
           Bond            U-B    Proper Dih.  Improper Dih.      CMAP Dih.
    1.16079e+03    3.50321e+03    4.27218e+03    2.07596e+02   -1.96241e+02
          LJ-14     Coulomb-14        LJ (SR)   Coulomb (SR)   Coul. recip.
    1.23723e+03    1.98482e+04    2.67557e+04   -3.57194e+05    1.21373e+03
 Position Rest.      Potential    Kinetic En.   Total Energy  Conserved En.
    1.92918e+02   -2.98999e+05    5.70385e+04   -2.41961e+05   -2.78421e+05
    Temperature Pressure (bar)   Constr. rmsd
    3.02256e+02   -1.19167e+03    1.20844e-06

           Step           Time
          32000       32.00000

   Energies (kJ/mol)
           Bond            U-B    Proper Dih.  Improper Dih.      CMAP Dih.
    1.31611e+03    3.54950e+03    4.22245e+03    2.25805e+02   -1.85368e+02
          LJ-14     Coulomb-14        LJ (SR)   Coulomb (SR)   Coul. recip.
    1.18124e+03    1.95953e+04    2.65388e+04   -3.57278e+05    1.21533e+03
 Position Rest.      Potential    Kinetic En.   Total Energy  Conserved En.
    2.14859e+02   -2.99404e+05    5.72974e+04   -2.42106e+05   -2.78437e+05
    Temperature Pressure (bar)   Constr. rmsd
    3.03628e+02   -1.49912e+03    1.26483e-06

           Step           Time
          33000       33.00000

   Energies (kJ/mol)
           Bond            U-B    Proper Dih.  Improper Dih.      CMAP Dih.
    1.27015e+03    3.43082e+03    4.23457e+03    1.75583e+02   -1.87695e+02
          LJ-14     Coulomb-14        LJ (SR)   Coulomb (SR)   Coul. recip.
    1.25153e+03    1.97307e+04    2.70364e+04   -3.57474e+05    1.27246e+03
 Position Rest.      Potential    Kinetic En.   Total Energy  Conserved En.
    2.07239e+02   -2.99052e+05    5.75165e+04   -2.41536e+05   -2.78535e+05
    Temperature Pressure (bar)   Constr. rmsd
    3.04789e+02   -1.12887e+03    1.24892e-06

           Step           Time
          34000       34.00000

   Energies (kJ/mol)
           Bond            U-B    Proper Dih.  Improper Dih.      CMAP Dih.
    1.23533e+03    3.41743e+03    4.27482e+03    2.26514e+02   -2.03561e+02
          LJ-14     Coulomb-14        LJ (SR)   Coulomb (SR)   Coul. recip.
    1.27177e+03    1.97639e+04    2.72253e+04   -3.57150e+05    1.23156e+03
 Position Rest.      Potential    Kinetic En.   Total Energy  Conserved En.
    2.33556e+02   -2.98474e+05    5.74486e+04   -2.41025e+05   -2.78484e+05
    Temperature Pressure (bar)   Constr. rmsd
    3.04430e+02   -1.00890e+03    1.31204e-06

           Step           Time
          35000       35.00000

   Energies (kJ/mol)
           Bond            U-B    Proper Dih.  Improper Dih.      CMAP Dih.
    1.23609e+03    3.57679e+03    4.32956e+03    2.30221e+02   -2.14499e+02
          LJ-14     Coulomb-14        LJ (SR)   Coulomb (SR)   Coul. recip.
    1.19998e+03    1.96717e+04    2.73715e+04   -3.57046e+05    1.16815e+03
 Position Rest.      Potential    Kinetic En.   Total Energy  Conserved En.
    2.05495e+02   -2.98271e+05    5.72927e+04   -2.40979e+05   -2.78468e+05
    Temperature Pressure (bar)   Constr. rmsd
    3.03603e+02   -9.99353e+02    1.24312e-06

           Step           Time
          36000       36.00000

   Energies (kJ/mol)
           Bond            U-B    Proper Dih.  Improper Dih.      CMAP Dih.
    1.36502e+03    3.37692e+03    4.24690e+03    2.14384e+02   -1.96785e+02
          LJ-14     Coulomb-14        LJ (SR)   Coulomb (SR)   Coul. recip.
    1.14745e+03    1.96459e+04    2.69408e+04   -3.56167e+05    1.21278e+03
 Position Rest.      Potential    Kinetic En.   Total Energy  Conserved En.
    2.37365e+02   -2.97977e+05    5.66537e+04   -2.41323e+05   -2.78478e+05
    Temperature Pressure (bar)   Constr. rmsd
    3.00217e+02   -1.41727e+03    1.23854e-06

           Step           Time
          37000       37.00000

   Energies (kJ/mol)
           Bond            U-B    Proper Dih.  Improper Dih.      CMAP Dih.
    1.17726e+03    3.44253e+03    4.27851e+03    2.10587e+02   -2.12140e+02
          LJ-14     Coulomb-14        LJ (SR)   Coulomb (SR)   Coul. recip.
    1.27372e+03    1.99205e+04    2.76900e+04   -3.56984e+05    1.23256e+03
 Position Rest.      Potential    Kinetic En.   Total Energy  Conserved En.
    1.68743e+02   -2.97802e+05    5.73075e+04   -2.40495e+05   -2.78481e+05
    Temperature Pressure (bar)   Constr. rmsd
    3.03682e+02   -7.07364e+02    1.30586e-06

           Step           Time
          38000       38.00000

   Energies (kJ/mol)
           Bond            U-B    Proper Dih.  Improper Dih.      CMAP Dih.
    1.23295e+03    3.33967e+03    4.30849e+03    2.06406e+02   -1.97431e+02
          LJ-14     Coulomb-14        LJ (SR)   Coulomb (SR)   Coul. recip.
    1.21550e+03    1.97915e+04    2.68134e+04   -3.55980e+05    1.21624e+03
 Position Rest.      Potential    Kinetic En.   Total Energy  Conserved En.
    1.91021e+02   -2.97862e+05    5.72007e+04   -2.40661e+05   -2.78530e+05
    Temperature Pressure (bar)   Constr. rmsd
    3.03116e+02   -1.23204e+03    1.26700e-06

           Step           Time
          39000       39.00000

   Energies (kJ/mol)
           Bond            U-B    Proper Dih.  Improper Dih.      CMAP Dih.
    1.21838e+03    3.56493e+03    4.22024e+03    1.88370e+02   -1.69542e+02
          LJ-14     Coulomb-14        LJ (SR)   Coulomb (SR)   Coul. recip.
    1.19640e+03    1.96283e+04    2.65180e+04   -3.56812e+05    1.16159e+03
 Position Rest.      Potential    Kinetic En.   Total Energy  Conserved En.
    2.00821e+02   -2.99084e+05    5.75532e+04   -2.41531e+05   -2.78587e+05
    Temperature Pressure (bar)   Constr. rmsd
    3.04983e+02   -1.33758e+03    1.23990e-06

           Step           Time
          40000       40.00000

   Energies (kJ/mol)
           Bond            U-B    Proper Dih.  Improper Dih.      CMAP Dih.
    1.25753e+03    3.55903e+03    4.28415e+03    2.16548e+02   -1.85952e+02
          LJ-14     Coulomb-14        LJ (SR)   Coulomb (SR)   Coul. recip.
    1.21363e+03    1.96240e+04    2.73090e+04   -3.56798e+05    1.18577e+03
 Position Rest.      Potential    Kinetic En.   Total Energy  Conserved En.
    2.21017e+02   -2.98113e+05    5.68952e+04   -2.41218e+05   -2.78593e+05
    Temperature Pressure (bar)   Constr. rmsd
    3.01497e+02   -9.23021e+02    1.21491e-06

           Step           Time
          41000       41.00000

   Energies (kJ/mol)
           Bond            U-B    Proper Dih.  Improper Dih.      CMAP Dih.
    1.27875e+03    3.52225e+03    4.28391e+03    2.06398e+02   -2.08219e+02
          LJ-14     Coulomb-14        LJ (SR)   Coulomb (SR)   Coul. recip.
    1.25672e+03    1.97227e+04    2.80456e+04   -3.58912e+05    1.24420e+03
 Position Rest.      Potential    Kinetic En.   Total Energy  Conserved En.
    2.01054e+02   -2.99359e+05    5.71778e+04   -2.42181e+05   -2.78588e+05
    Temperature Pressure (bar)   Constr. rmsd
    3.02995e+02   -8.68670e+02    1.27038e-06

           Step           Time
          42000       42.00000

   Energies (kJ/mol)
           Bond            U-B    Proper Dih.  Improper Dih.      CMAP Dih.
    1.32067e+03    3.38985e+03    4.27878e+03    2.31707e+02   -1.81150e+02
          LJ-14     Coulomb-14        LJ (SR)   Coulomb (SR)   Coul. recip.
    1.24258e+03    1.97978e+04    2.68477e+04   -3.57104e+05    1.19782e+03
 Position Rest.      Potential    Kinetic En.   Total Energy  Conserved En.
    1.98041e+02   -2.98780e+05    5.73046e+04   -2.41476e+05   -2.78621e+05
    Temperature Pressure (bar)   Constr. rmsd
    3.03666e+02   -1.40827e+03    1.26589e-06

           Step           Time
          43000       43.00000

   Energies (kJ/mol)
           Bond            U-B    Proper Dih.  Improper Dih.      CMAP Dih.
    1.34065e+03    3.48126e+03    4.22101e+03    2.10085e+02   -1.77971e+02
          LJ-14     Coulomb-14        LJ (SR)   Coulomb (SR)   Coul. recip.
    1.23004e+03    1.97320e+04    2.73865e+04   -3.57837e+05    1.21216e+03
 Position Rest.      Potential    Kinetic En.   Total Energy  Conserved En.
    2.04324e+02   -2.98997e+05    5.80945e+04   -2.40903e+05   -2.78635e+05
    Temperature Pressure (bar)   Constr. rmsd
    3.07852e+02   -1.11952e+03    1.25715e-06

Writing checkpoint, step 43700 at Mon Feb 14 17:46:00 2022


           Step           Time
          44000       44.00000

   Energies (kJ/mol)
           Bond            U-B    Proper Dih.  Improper Dih.      CMAP Dih.
    1.32070e+03    3.50955e+03    4.31218e+03    2.18580e+02   -2.04352e+02
          LJ-14     Coulomb-14        LJ (SR)   Coulomb (SR)   Coul. recip.
    1.23907e+03    1.96981e+04    2.62128e+04   -3.56080e+05    1.20790e+03
 Position Rest.      Potential    Kinetic En.   Total Energy  Conserved En.
    1.70781e+02   -2.98394e+05    5.70342e+04   -2.41360e+05   -2.78685e+05
    Temperature Pressure (bar)   Constr. rmsd
    3.02233e+02   -1.33283e+03    1.20786e-06

           Step           Time
          45000       45.00000

   Energies (kJ/mol)
           Bond            U-B    Proper Dih.  Improper Dih.      CMAP Dih.
    1.18516e+03    3.44401e+03    4.32339e+03    2.01868e+02   -1.85544e+02
          LJ-14     Coulomb-14        LJ (SR)   Coulomb (SR)   Coul. recip.
    1.19364e+03    1.97952e+04    2.73423e+04   -3.58198e+05    1.28830e+03
 Position Rest.      Potential    Kinetic En.   Total Energy  Conserved En.
    1.80179e+02   -2.99430e+05    5.72190e+04   -2.42211e+05   -2.78721e+05
    Temperature Pressure (bar)   Constr. rmsd
    3.03213e+02   -1.13895e+03    1.30409e-06

           Step           Time
          46000       46.00000

   Energies (kJ/mol)
           Bond            U-B    Proper Dih.  Improper Dih.      CMAP Dih.
    1.25180e+03    3.45026e+03    4.23689e+03    1.69715e+02   -2.25495e+02
          LJ-14     Coulomb-14        LJ (SR)   Coulomb (SR)   Coul. recip.
    1.27074e+03    1.98746e+04    2.64665e+04   -3.56167e+05    1.23925e+03
 Position Rest.      Potential    Kinetic En.   Total Energy  Conserved En.
    1.74958e+02   -2.98258e+05    5.72773e+04   -2.40981e+05   -2.78764e+05
    Temperature Pressure (bar)   Constr. rmsd
    3.03522e+02   -1.27657e+03    1.33629e-06

           Step           Time
          47000       47.00000

   Energies (kJ/mol)
           Bond            U-B    Proper Dih.  Improper Dih.      CMAP Dih.
    1.33462e+03    3.50587e+03    4.33858e+03    2.49868e+02   -2.21026e+02
          LJ-14     Coulomb-14        LJ (SR)   Coulomb (SR)   Coul. recip.
    1.22371e+03    1.96498e+04    2.67402e+04   -3.57558e+05    1.20921e+03
 Position Rest.      Potential    Kinetic En.   Total Energy  Conserved En.
    1.74950e+02   -2.99353e+05    5.72053e+04   -2.42147e+05   -2.78743e+05
    Temperature Pressure (bar)   Constr. rmsd
    3.03140e+02   -1.32018e+03    1.22768e-06

           Step           Time
          48000       48.00000

   Energies (kJ/mol)
           Bond            U-B    Proper Dih.  Improper Dih.      CMAP Dih.
    1.29682e+03    3.44970e+03    4.33546e+03    2.92610e+02   -2.09906e+02
          LJ-14     Coulomb-14        LJ (SR)   Coulomb (SR)   Coul. recip.
    1.17604e+03    1.95896e+04    2.59797e+04   -3.55252e+05    1.21382e+03
 Position Rest.      Potential    Kinetic En.   Total Energy  Conserved En.
    1.93928e+02   -2.97934e+05    5.69518e+04   -2.40983e+05   -2.78732e+05
    Temperature Pressure (bar)   Constr. rmsd
    3.01797e+02   -1.46172e+03    1.25377e-06



Received the TERM signal, stopping within 100 steps

           Step           Time
          48500       48.50000

Writing checkpoint, step 48500 at Mon Feb 14 17:49:19 2022


   Energies (kJ/mol)
           Bond            U-B    Proper Dih.  Improper Dih.      CMAP Dih.
    1.23992e+03    3.48355e+03    4.27700e+03    1.89684e+02   -1.92222e+02
          LJ-14     Coulomb-14        LJ (SR)   Coulomb (SR)   Coul. recip.
    1.19491e+03    1.95972e+04    2.69578e+04   -3.56213e+05    1.18288e+03
 Position Rest.      Potential    Kinetic En.   Total Energy  Conserved En.
    1.93201e+02   -2.98089e+05    5.70905e+04   -2.40999e+05   -2.78663e+05
    Temperature Pressure (bar)   Constr. rmsd
    3.02532e+02   -1.17010e+03    1.25287e-06

	<======  ###############  ==>
	<====  A V E R A G E S  ====>
	<==  ###############  ======>

	Statistics over 48501 steps using 486 frames

   Energies (kJ/mol)
           Bond            U-B    Proper Dih.  Improper Dih.      CMAP Dih.
    1.26632e+03    3.41620e+03    4.29368e+03    2.14998e+02   -1.98129e+02
          LJ-14     Coulomb-14        LJ (SR)   Coulomb (SR)   Coul. recip.
    1.21968e+03    1.97449e+04    2.70003e+04   -3.56791e+05    1.23049e+03
 Position Rest.      Potential    Kinetic En.   Total Energy  Conserved En.
    1.99254e+02   -2.98403e+05    5.72138e+04   -2.41189e+05   -2.78462e+05
    Temperature Pressure (bar)   Constr. rmsd
    3.03185e+02   -1.17743e+03    0.00000e+00

   Total Virial (kJ/mol)
    2.74446e+04    2.31881e+01   -1.37425e+02
    2.12915e+01    2.75228e+04   -1.13503e+02
   -1.37333e+02   -1.12043e+02    2.75950e+04

   Pressure (bar)
   -1.16543e+03   -2.56354e+00    1.23341e+01
   -2.29925e+00   -1.17633e+03    2.01257e+01
    1.23213e+01    1.99222e+01   -1.19054e+03

      T-Protein  T-non-Protein
    3.03209e+02    3.03183e+02


	M E G A - F L O P S   A C C O U N T I N G

 NB=Group-cutoff nonbonded kernels    NxN=N-by-N cluster Verlet kernels
 RF=Reaction-Field  VdW=Van der Waals  QSTab=quadratic-spline table
 W3=SPC/TIP3p  W4=TIP4p (single or pairs)
 V&F=Potential and force  V=Potential only  F=Force only

 Computing:                               M-Number         M-Flops  % Flops
-----------------------------------------------------------------------------
 Pair Search distance check            4614.323526       41528.912     0.1
 NxN Ewald Elec. + LJ [F]            736443.691632    57442607.947    92.8
 NxN Ewald Elec. + LJ [V&F]            7454.168744      961587.768     1.6
 NxN Ewald Elec. [F]                  11498.202144      701390.331     1.1
 NxN Ewald Elec. [V&F]                  116.396216        9777.282     0.0
 1,4 nonbonded interactions             199.193607       17927.425     0.0
 Calc Weights                          3242.388852      116725.999     0.2
 Spread Q Bspline                     69170.962176      138341.924     0.2
 Gather F Bspline                     69170.962176      415025.773     0.7
 3D-FFT                              233249.263164     1865994.105     3.0
 Solve PME                              131.146704        8393.389     0.0
 Shift-X                                 10.830024          64.980     0.0
 Bonds                                   39.140307        2309.278     0.0
 Propers                                195.895539       44860.078     0.1
 Impropers                               13.240773        2754.081     0.0
 Pos. Restr.                             38.412792        1920.640     0.0
 Virial                                  10.851894         195.334     0.0
 Stop-CM                                 10.852308         108.523     0.0
 Calc-Ekin                              108.121968        2919.293     0.0
 Lincs                                   37.686831        2261.210     0.0
 Lincs-Mat                              193.817988         775.272     0.0
 Constraint-V                          1078.199460        8625.596     0.0
 Constraint-Vir                          10.426158         250.228     0.0
 Settle                                 334.282676      107973.304     0.2
 CMAP                                     4.462092        7585.556     0.0
 Urey-Bradley                           138.276351       25304.572     0.0
-----------------------------------------------------------------------------
 Total                                                61927208.801   100.0
-----------------------------------------------------------------------------


     R E A L   C Y C L E   A N D   T I M E   A C C O U N T I N G

On 1 MPI rank, each using 28 OpenMP threads

 Computing:          Num   Num      Call    Wall time         Giga-Cycles
                     Ranks Threads  Count      (s)         total sum    %
-----------------------------------------------------------------------------
 Neighbor search        1   28        486      25.158       1827.136   1.3
 Force                  1   28      48501    1485.517     107887.319  74.2
 PME mesh               1   28      48501     345.672      25104.825  17.3
 NB X/F buffer ops.     1   28      96516      62.266       4522.127   3.1
 Write traj.            1   28          4       0.683         49.578   0.0
 Update                 1   28      48501      35.985       2613.467   1.8
 Constraints            1   28      48503      42.532       3088.926   2.1
 Rest                                           3.599        261.398   0.2
-----------------------------------------------------------------------------
 Total                                       2001.413     145354.776 100.0
-----------------------------------------------------------------------------
 Breakdown of PME mesh computation
-----------------------------------------------------------------------------
 PME spread             1   28      48501     115.949       8420.929   5.8
 PME gather             1   28      48501     100.803       7320.947   5.0
 PME 3D-FFT             1   28      97002     109.949       7985.149   5.5
 PME solve Elec         1   28      48501       0.396         28.744   0.0
-----------------------------------------------------------------------------

               Core t (s)   Wall t (s)        (%)
       Time:    56039.271     2001.413     2800.0
                         33:21
                 (ns/day)    (hour/ns)
Performance:        2.094       11.463
Finished mdrun on rank 0 Mon Feb 14 17:49:19 2022

